2019-01-11 14:28:41.291 [main] WARN  o.s.b.a.o.j.JpaBaseConfiguration$JpaWebConfiguration$JpaWebMvcConfiguration - spring.jpa.open-in-view is enabled by default. Therefore, database queries may be performed during view rendering. Explicitly configure spring.jpa.open-in-view to disable this warning
2019-01-11 14:33:29.142 [Thread-5] WARN  com.alibaba.druid.pool.DruidDataSource - close connection error
org.h2.jdbc.JdbcSQLException: Connection is broken: "session closed" [90067-197]
	at org.h2.message.DbException.getJdbcSQLException(DbException.java:357)
	at org.h2.message.DbException.get(DbException.java:179)
	at org.h2.message.DbException.get(DbException.java:155)
	at org.h2.engine.SessionRemote.checkClosed(SessionRemote.java:556)
	at org.h2.engine.SessionRemote.removeServer(SessionRemote.java:486)
	at org.h2.engine.SessionRemote.hasPendingTransaction(SessionRemote.java:169)
	at org.h2.jdbc.JdbcConnection.close(JdbcConnection.java:392)
	at com.alibaba.druid.filter.FilterChainImpl.connection_close(FilterChainImpl.java:186)
	at com.alibaba.druid.filter.stat.StatFilter.connection_close(StatFilter.java:261)
	at com.alibaba.druid.filter.FilterChainImpl.connection_close(FilterChainImpl.java:181)
	at com.alibaba.druid.proxy.jdbc.ConnectionProxyImpl.close(ConnectionProxyImpl.java:115)
	at com.alibaba.druid.pool.DruidDataSource.close(DruidDataSource.java:1800)
	at sun.reflect.NativeMethodAccessorImpl.invoke0(Native Method)
	at sun.reflect.NativeMethodAccessorImpl.invoke(NativeMethodAccessorImpl.java:62)
	at sun.reflect.DelegatingMethodAccessorImpl.invoke(DelegatingMethodAccessorImpl.java:43)
	at java.lang.reflect.Method.invoke(Method.java:498)
	at org.springframework.beans.factory.support.DisposableBeanAdapter.invokeCustomDestroyMethod(DisposableBeanAdapter.java:337)
	at org.springframework.beans.factory.support.DisposableBeanAdapter.destroy(DisposableBeanAdapter.java:271)
	at org.springframework.beans.factory.support.DefaultSingletonBeanRegistry.destroyBean(DefaultSingletonBeanRegistry.java:571)
	at org.springframework.beans.factory.support.DefaultSingletonBeanRegistry.destroySingleton(DefaultSingletonBeanRegistry.java:543)
	at org.springframework.beans.factory.support.DefaultListableBeanFactory.destroySingleton(DefaultListableBeanFactory.java:1052)
	at org.springframework.beans.factory.support.DefaultSingletonBeanRegistry.destroySingletons(DefaultSingletonBeanRegistry.java:504)
	at org.springframework.beans.factory.support.DefaultListableBeanFactory.destroySingletons(DefaultListableBeanFactory.java:1059)
	at org.springframework.context.support.AbstractApplicationContext.destroyBeans(AbstractApplicationContext.java:1035)
	at org.springframework.context.support.AbstractApplicationContext.doClose(AbstractApplicationContext.java:1011)
	at org.springframework.context.support.AbstractApplicationContext$1.run(AbstractApplicationContext.java:931)
2019-01-11 14:33:40.085 [main] WARN  o.s.b.a.o.j.JpaBaseConfiguration$JpaWebConfiguration$JpaWebMvcConfiguration - spring.jpa.open-in-view is enabled by default. Therefore, database queries may be performed during view rendering. Explicitly configure spring.jpa.open-in-view to disable this warning
2019-01-11 14:34:07.920 [main] WARN  o.s.b.a.o.j.JpaBaseConfiguration$JpaWebConfiguration$JpaWebMvcConfiguration - spring.jpa.open-in-view is enabled by default. Therefore, database queries may be performed during view rendering. Explicitly configure spring.jpa.open-in-view to disable this warning
2019-01-11 14:34:50.120 [main] WARN  o.s.b.a.o.j.JpaBaseConfiguration$JpaWebConfiguration$JpaWebMvcConfiguration - spring.jpa.open-in-view is enabled by default. Therefore, database queries may be performed during view rendering. Explicitly configure spring.jpa.open-in-view to disable this warning
2019-01-11 14:35:48.985 [Thread-5] WARN  com.alibaba.druid.pool.DruidDataSource - close connection error
org.h2.jdbc.JdbcSQLException: Connection is broken: "session closed" [90067-197]
	at org.h2.message.DbException.getJdbcSQLException(DbException.java:357)
	at org.h2.message.DbException.get(DbException.java:179)
	at org.h2.message.DbException.get(DbException.java:155)
	at org.h2.engine.SessionRemote.checkClosed(SessionRemote.java:556)
	at org.h2.engine.SessionRemote.removeServer(SessionRemote.java:486)
	at org.h2.engine.SessionRemote.hasPendingTransaction(SessionRemote.java:169)
	at org.h2.jdbc.JdbcConnection.close(JdbcConnection.java:392)
	at com.alibaba.druid.filter.FilterChainImpl.connection_close(FilterChainImpl.java:186)
	at com.alibaba.druid.filter.stat.StatFilter.connection_close(StatFilter.java:261)
	at com.alibaba.druid.filter.FilterChainImpl.connection_close(FilterChainImpl.java:181)
	at com.alibaba.druid.proxy.jdbc.ConnectionProxyImpl.close(ConnectionProxyImpl.java:115)
	at com.alibaba.druid.pool.DruidDataSource.close(DruidDataSource.java:1800)
	at sun.reflect.NativeMethodAccessorImpl.invoke0(Native Method)
	at sun.reflect.NativeMethodAccessorImpl.invoke(NativeMethodAccessorImpl.java:62)
	at sun.reflect.DelegatingMethodAccessorImpl.invoke(DelegatingMethodAccessorImpl.java:43)
	at java.lang.reflect.Method.invoke(Method.java:498)
	at org.springframework.beans.factory.support.DisposableBeanAdapter.invokeCustomDestroyMethod(DisposableBeanAdapter.java:337)
	at org.springframework.beans.factory.support.DisposableBeanAdapter.destroy(DisposableBeanAdapter.java:271)
	at org.springframework.beans.factory.support.DefaultSingletonBeanRegistry.destroyBean(DefaultSingletonBeanRegistry.java:571)
	at org.springframework.beans.factory.support.DefaultSingletonBeanRegistry.destroySingleton(DefaultSingletonBeanRegistry.java:543)
	at org.springframework.beans.factory.support.DefaultListableBeanFactory.destroySingleton(DefaultListableBeanFactory.java:1052)
	at org.springframework.beans.factory.support.DefaultSingletonBeanRegistry.destroySingletons(DefaultSingletonBeanRegistry.java:504)
	at org.springframework.beans.factory.support.DefaultListableBeanFactory.destroySingletons(DefaultListableBeanFactory.java:1059)
	at org.springframework.context.support.AbstractApplicationContext.destroyBeans(AbstractApplicationContext.java:1035)
	at org.springframework.context.support.AbstractApplicationContext.doClose(AbstractApplicationContext.java:1011)
	at org.springframework.context.support.AbstractApplicationContext$1.run(AbstractApplicationContext.java:931)
2019-01-11 14:35:59.548 [main] WARN  o.s.b.a.o.j.JpaBaseConfiguration$JpaWebConfiguration$JpaWebMvcConfiguration - spring.jpa.open-in-view is enabled by default. Therefore, database queries may be performed during view rendering. Explicitly configure spring.jpa.open-in-view to disable this warning
2019-01-11 14:39:31.637 [main] WARN  o.s.b.a.o.j.JpaBaseConfiguration$JpaWebConfiguration$JpaWebMvcConfiguration - spring.jpa.open-in-view is enabled by default. Therefore, database queries may be performed during view rendering. Explicitly configure spring.jpa.open-in-view to disable this warning
2019-01-11 14:41:55.697 [main] WARN  o.s.b.a.o.j.JpaBaseConfiguration$JpaWebConfiguration$JpaWebMvcConfiguration - spring.jpa.open-in-view is enabled by default. Therefore, database queries may be performed during view rendering. Explicitly configure spring.jpa.open-in-view to disable this warning
2019-01-11 14:53:00.983 [main] WARN  o.s.b.a.o.j.JpaBaseConfiguration$JpaWebConfiguration$JpaWebMvcConfiguration - spring.jpa.open-in-view is enabled by default. Therefore, database queries may be performed during view rendering. Explicitly configure spring.jpa.open-in-view to disable this warning
2019-01-11 14:53:11.105 [Thread-5] WARN  com.alibaba.druid.pool.DruidDataSource - close connection error
org.h2.jdbc.JdbcSQLException: Connection is broken: "session closed" [90067-197]
	at org.h2.message.DbException.getJdbcSQLException(DbException.java:357)
	at org.h2.message.DbException.get(DbException.java:179)
	at org.h2.message.DbException.get(DbException.java:155)
	at org.h2.engine.SessionRemote.checkClosed(SessionRemote.java:556)
	at org.h2.engine.SessionRemote.removeServer(SessionRemote.java:486)
	at org.h2.engine.SessionRemote.hasPendingTransaction(SessionRemote.java:169)
	at org.h2.jdbc.JdbcConnection.close(JdbcConnection.java:392)
	at com.alibaba.druid.filter.FilterChainImpl.connection_close(FilterChainImpl.java:186)
	at com.alibaba.druid.filter.stat.StatFilter.connection_close(StatFilter.java:261)
	at com.alibaba.druid.filter.FilterChainImpl.connection_close(FilterChainImpl.java:181)
	at com.alibaba.druid.proxy.jdbc.ConnectionProxyImpl.close(ConnectionProxyImpl.java:115)
	at com.alibaba.druid.pool.DruidDataSource.close(DruidDataSource.java:1800)
	at sun.reflect.NativeMethodAccessorImpl.invoke0(Native Method)
	at sun.reflect.NativeMethodAccessorImpl.invoke(NativeMethodAccessorImpl.java:62)
	at sun.reflect.DelegatingMethodAccessorImpl.invoke(DelegatingMethodAccessorImpl.java:43)
	at java.lang.reflect.Method.invoke(Method.java:498)
	at org.springframework.beans.factory.support.DisposableBeanAdapter.invokeCustomDestroyMethod(DisposableBeanAdapter.java:337)
	at org.springframework.beans.factory.support.DisposableBeanAdapter.destroy(DisposableBeanAdapter.java:271)
	at org.springframework.beans.factory.support.DefaultSingletonBeanRegistry.destroyBean(DefaultSingletonBeanRegistry.java:571)
	at org.springframework.beans.factory.support.DefaultSingletonBeanRegistry.destroySingleton(DefaultSingletonBeanRegistry.java:543)
	at org.springframework.beans.factory.support.DefaultListableBeanFactory.destroySingleton(DefaultListableBeanFactory.java:1052)
	at org.springframework.beans.factory.support.DefaultSingletonBeanRegistry.destroySingletons(DefaultSingletonBeanRegistry.java:504)
	at org.springframework.beans.factory.support.DefaultListableBeanFactory.destroySingletons(DefaultListableBeanFactory.java:1059)
	at org.springframework.context.support.AbstractApplicationContext.destroyBeans(AbstractApplicationContext.java:1035)
	at org.springframework.context.support.AbstractApplicationContext.doClose(AbstractApplicationContext.java:1011)
	at org.springframework.context.support.AbstractApplicationContext$1.run(AbstractApplicationContext.java:931)
2019-01-11 14:53:19.156 [main] WARN  o.s.b.a.o.j.JpaBaseConfiguration$JpaWebConfiguration$JpaWebMvcConfiguration - spring.jpa.open-in-view is enabled by default. Therefore, database queries may be performed during view rendering. Explicitly configure spring.jpa.open-in-view to disable this warning
2019-01-11 14:53:53.680 [main] WARN  o.s.b.a.o.j.JpaBaseConfiguration$JpaWebConfiguration$JpaWebMvcConfiguration - spring.jpa.open-in-view is enabled by default. Therefore, database queries may be performed during view rendering. Explicitly configure spring.jpa.open-in-view to disable this warning
2019-01-11 14:54:06.046 [Thread-5] WARN  com.alibaba.druid.pool.DruidDataSource - close connection error
org.h2.jdbc.JdbcSQLException: Connection is broken: "session closed" [90067-197]
	at org.h2.message.DbException.getJdbcSQLException(DbException.java:357)
	at org.h2.message.DbException.get(DbException.java:179)
	at org.h2.message.DbException.get(DbException.java:155)
	at org.h2.engine.SessionRemote.checkClosed(SessionRemote.java:556)
	at org.h2.engine.SessionRemote.removeServer(SessionRemote.java:486)
	at org.h2.engine.SessionRemote.hasPendingTransaction(SessionRemote.java:169)
	at org.h2.jdbc.JdbcConnection.close(JdbcConnection.java:392)
	at com.alibaba.druid.filter.FilterChainImpl.connection_close(FilterChainImpl.java:186)
	at com.alibaba.druid.filter.stat.StatFilter.connection_close(StatFilter.java:261)
	at com.alibaba.druid.filter.FilterChainImpl.connection_close(FilterChainImpl.java:181)
	at com.alibaba.druid.proxy.jdbc.ConnectionProxyImpl.close(ConnectionProxyImpl.java:115)
	at com.alibaba.druid.pool.DruidDataSource.close(DruidDataSource.java:1800)
	at sun.reflect.NativeMethodAccessorImpl.invoke0(Native Method)
	at sun.reflect.NativeMethodAccessorImpl.invoke(NativeMethodAccessorImpl.java:62)
	at sun.reflect.DelegatingMethodAccessorImpl.invoke(DelegatingMethodAccessorImpl.java:43)
	at java.lang.reflect.Method.invoke(Method.java:498)
	at org.springframework.beans.factory.support.DisposableBeanAdapter.invokeCustomDestroyMethod(DisposableBeanAdapter.java:337)
	at org.springframework.beans.factory.support.DisposableBeanAdapter.destroy(DisposableBeanAdapter.java:271)
	at org.springframework.beans.factory.support.DefaultSingletonBeanRegistry.destroyBean(DefaultSingletonBeanRegistry.java:571)
	at org.springframework.beans.factory.support.DefaultSingletonBeanRegistry.destroySingleton(DefaultSingletonBeanRegistry.java:543)
	at org.springframework.beans.factory.support.DefaultListableBeanFactory.destroySingleton(DefaultListableBeanFactory.java:1052)
	at org.springframework.beans.factory.support.DefaultSingletonBeanRegistry.destroySingletons(DefaultSingletonBeanRegistry.java:504)
	at org.springframework.beans.factory.support.DefaultListableBeanFactory.destroySingletons(DefaultListableBeanFactory.java:1059)
	at org.springframework.context.support.AbstractApplicationContext.destroyBeans(AbstractApplicationContext.java:1035)
	at org.springframework.context.support.AbstractApplicationContext.doClose(AbstractApplicationContext.java:1011)
	at org.springframework.context.support.AbstractApplicationContext$1.run(AbstractApplicationContext.java:931)
2019-01-11 15:14:05.959 [main] WARN  o.s.b.a.o.j.JpaBaseConfiguration$JpaWebConfiguration$JpaWebMvcConfiguration - spring.jpa.open-in-view is enabled by default. Therefore, database queries may be performed during view rendering. Explicitly configure spring.jpa.open-in-view to disable this warning
2019-01-11 15:25:05.057 [main] WARN  o.s.b.a.o.j.JpaBaseConfiguration$JpaWebConfiguration$JpaWebMvcConfiguration - spring.jpa.open-in-view is enabled by default. Therefore, database queries may be performed during view rendering. Explicitly configure spring.jpa.open-in-view to disable this warning
