2019-01-09 09:17:27.859 [main] WARN  o.s.b.a.o.j.JpaBaseConfiguration$JpaWebConfiguration$JpaWebMvcConfiguration - spring.jpa.open-in-view is enabled by default. Therefore, database queries may be performed during view rendering. Explicitly configure spring.jpa.open-in-view to disable this warning
2019-01-09 09:17:35.184 [http-nio-8000-exec-1] WARN  org.springframework.web.servlet.PageNotFound - No mapping for GET /WEB-INF/jsp/home.jsp
2019-01-09 09:18:09.939 [http-nio-8000-exec-3] WARN  org.springframework.web.servlet.PageNotFound - No mapping for GET /homemvc.html
2019-01-09 09:20:54.879 [main] WARN  o.s.b.a.o.j.JpaBaseConfiguration$JpaWebConfiguration$JpaWebMvcConfiguration - spring.jpa.open-in-view is enabled by default. Therefore, database queries may be performed during view rendering. Explicitly configure spring.jpa.open-in-view to disable this warning
2019-01-09 09:35:15.016 [http-nio-8000-exec-9] WARN  org.springframework.web.servlet.PageNotFound - No mapping for GET /
2019-01-09 11:48:34.665 [main] WARN  o.s.b.a.o.j.JpaBaseConfiguration$JpaWebConfiguration$JpaWebMvcConfiguration - spring.jpa.open-in-view is enabled by default. Therefore, database queries may be performed during view rendering. Explicitly configure spring.jpa.open-in-view to disable this warning
2019-01-09 11:48:52.740 [http-nio-8000-exec-1] WARN  org.springframework.web.servlet.PageNotFound - No mapping for GET /
2019-01-09 11:48:54.709 [http-nio-8000-exec-2] WARN  org.springframework.web.servlet.PageNotFound - No mapping for GET /WEB-INF/jsp/index.jsp
2019-01-09 11:49:41.031 [main] WARN  o.s.b.a.o.j.JpaBaseConfiguration$JpaWebConfiguration$JpaWebMvcConfiguration - spring.jpa.open-in-view is enabled by default. Therefore, database queries may be performed during view rendering. Explicitly configure spring.jpa.open-in-view to disable this warning
2019-01-09 11:50:08.528 [http-nio-8000-exec-1] WARN  org.springframework.web.servlet.PageNotFound - No mapping for GET /WEB-INF/jsp/index.jsp
2019-01-09 11:50:38.575 [main] WARN  o.s.b.a.o.j.JpaBaseConfiguration$JpaWebConfiguration$JpaWebMvcConfiguration - spring.jpa.open-in-view is enabled by default. Therefore, database queries may be performed during view rendering. Explicitly configure spring.jpa.open-in-view to disable this warning
2019-01-09 11:51:23.404 [main] WARN  o.s.b.a.o.j.JpaBaseConfiguration$JpaWebConfiguration$JpaWebMvcConfiguration - spring.jpa.open-in-view is enabled by default. Therefore, database queries may be performed during view rendering. Explicitly configure spring.jpa.open-in-view to disable this warning
2019-01-09 11:51:28.019 [http-nio-8000-exec-10] WARN  org.springframework.web.servlet.PageNotFound - No mapping for GET /WEB-INF/jsp/index.jsp
2019-01-09 11:51:39.444 [http-nio-8000-exec-2] WARN  org.springframework.web.servlet.PageNotFound - No mapping for GET /WEB-INF/jsp/index.jsp
2019-01-09 11:51:44.630 [http-nio-8000-exec-7] WARN  org.springframework.web.servlet.PageNotFound - No mapping for GET /WEB-INF/jsp/index.jsp
2019-01-09 11:51:53.852 [http-nio-8000-exec-8] WARN  org.springframework.web.servlet.PageNotFound - No mapping for GET /WEB-INF/jsp/index.jsp
2019-01-09 11:52:50.372 [http-nio-8000-exec-5] WARN  org.springframework.web.servlet.PageNotFound - No mapping for GET /WEB-INF/jsp/home.jsp
2019-01-09 11:54:00.561 [main] WARN  o.s.b.a.o.j.JpaBaseConfiguration$JpaWebConfiguration$JpaWebMvcConfiguration - spring.jpa.open-in-view is enabled by default. Therefore, database queries may be performed during view rendering. Explicitly configure spring.jpa.open-in-view to disable this warning
2019-01-09 11:54:04.459 [http-nio-8000-exec-4] WARN  org.springframework.web.servlet.PageNotFound - No mapping for GET /WEB-INF/jsp/page.jsp
2019-01-09 11:54:15.138 [http-nio-8000-exec-7] WARN  org.springframework.web.servlet.PageNotFound - No mapping for GET /page/inde
2019-01-09 11:56:27.455 [main] WARN  o.s.b.a.o.j.JpaBaseConfiguration$JpaWebConfiguration$JpaWebMvcConfiguration - spring.jpa.open-in-view is enabled by default. Therefore, database queries may be performed during view rendering. Explicitly configure spring.jpa.open-in-view to disable this warning
2019-01-09 11:56:51.673 [http-nio-8000-exec-10] WARN  org.springframework.web.servlet.PageNotFound - No mapping for GET /
2019-01-09 11:56:55.995 [http-nio-8000-exec-6] WARN  org.springframework.web.servlet.PageNotFound - No mapping for GET /WEB-INF/jsp/home.jsp
2019-01-09 11:58:23.334 [main] WARN  o.s.b.a.o.j.JpaBaseConfiguration$JpaWebConfiguration$JpaWebMvcConfiguration - spring.jpa.open-in-view is enabled by default. Therefore, database queries may be performed during view rendering. Explicitly configure spring.jpa.open-in-view to disable this warning
2019-01-09 11:58:26.111 [http-nio-8000-exec-1] WARN  org.springframework.web.servlet.PageNotFound - No mapping for GET /WEB-INF/jsp/home.jsp.jsp
2019-01-09 13:24:29.859 [main] WARN  o.s.b.a.o.j.JpaBaseConfiguration$JpaWebConfiguration$JpaWebMvcConfiguration - spring.jpa.open-in-view is enabled by default. Therefore, database queries may be performed during view rendering. Explicitly configure spring.jpa.open-in-view to disable this warning
2019-01-09 13:24:38.988 [http-nio-8000-exec-1] WARN  org.springframework.web.servlet.PageNotFound - No mapping for GET /WEB-INF/jsp/home.jsp
2019-01-09 13:24:53.384 [http-nio-8000-exec-4] WARN  org.springframework.web.servlet.PageNotFound - No mapping for GET /home.jsp
2019-01-09 13:26:48.047 [main] WARN  o.s.b.a.o.j.JpaBaseConfiguration$JpaWebConfiguration$JpaWebMvcConfiguration - spring.jpa.open-in-view is enabled by default. Therefore, database queries may be performed during view rendering. Explicitly configure spring.jpa.open-in-view to disable this warning
2019-01-09 13:26:52.844 [http-nio-8000-exec-9] WARN  org.springframework.web.servlet.PageNotFound - No mapping for GET /home.jsp
2019-01-09 13:28:56.254 [main] WARN  o.s.b.a.o.j.JpaBaseConfiguration$JpaWebConfiguration$JpaWebMvcConfiguration - spring.jpa.open-in-view is enabled by default. Therefore, database queries may be performed during view rendering. Explicitly configure spring.jpa.open-in-view to disable this warning
2019-01-09 13:31:02.267 [http-nio-8000-exec-8] WARN  org.springframework.web.servlet.PageNotFound - No mapping for GET /WEB-INF/jsp/home.jsp
2019-01-09 13:38:45.696 [main] WARN  o.s.b.a.o.j.JpaBaseConfiguration$JpaWebConfiguration$JpaWebMvcConfiguration - spring.jpa.open-in-view is enabled by default. Therefore, database queries may be performed during view rendering. Explicitly configure spring.jpa.open-in-view to disable this warning
2019-01-09 13:38:58.511 [http-nio-8000-exec-1] WARN  org.springframework.web.servlet.PageNotFound - No mapping for GET /WEB-INF/jsp/page.jsp
2019-01-09 13:39:48.678 [main] WARN  o.s.b.a.o.j.JpaBaseConfiguration$JpaWebConfiguration$JpaWebMvcConfiguration - spring.jpa.open-in-view is enabled by default. Therefore, database queries may be performed during view rendering. Explicitly configure spring.jpa.open-in-view to disable this warning
2019-01-09 13:39:53.088 [http-nio-8000-exec-1] WARN  org.springframework.web.servlet.PageNotFound - No mapping for GET /page/classpath:/page.jsp
2019-01-09 13:40:23.234 [main] WARN  o.s.b.a.o.j.JpaBaseConfiguration$JpaWebConfiguration$JpaWebMvcConfiguration - spring.jpa.open-in-view is enabled by default. Therefore, database queries may be performed during view rendering. Explicitly configure spring.jpa.open-in-view to disable this warning
2019-01-09 13:40:26.881 [http-nio-8000-exec-1] WARN  org.springframework.web.servlet.PageNotFound - No mapping for GET /page.jsp
2019-01-09 13:41:02.129 [http-nio-8000-exec-4] WARN  org.springframework.web.servlet.PageNotFound - No mapping for GET /home.jsp
2019-01-09 13:42:00.981 [main] WARN  o.s.b.a.o.j.JpaBaseConfiguration$JpaWebConfiguration$JpaWebMvcConfiguration - spring.jpa.open-in-view is enabled by default. Therefore, database queries may be performed during view rendering. Explicitly configure spring.jpa.open-in-view to disable this warning
2019-01-09 13:42:03.854 [http-nio-8000-exec-4] WARN  org.springframework.web.servlet.PageNotFound - No mapping for GET /WEB-INF/jsphome.jsp
2019-01-09 13:45:06.224 [main] WARN  o.s.b.a.o.j.JpaBaseConfiguration$JpaWebConfiguration$JpaWebMvcConfiguration - spring.jpa.open-in-view is enabled by default. Therefore, database queries may be performed during view rendering. Explicitly configure spring.jpa.open-in-view to disable this warning
2019-01-09 13:45:12.267 [http-nio-8000-exec-7] WARN  org.springframework.web.servlet.PageNotFound - No mapping for GET /WEB-INF/jsp/home.jsp
2019-01-09 13:47:30.343 [main] WARN  o.s.b.w.s.c.AnnotationConfigServletWebServerApplicationContext - Exception encountered during context initialization - cancelling refresh attempt: org.springframework.context.ApplicationContextException: Unable to start web server; nested exception is org.springframework.boot.web.server.WebServerException: Unable to start embedded Tomcat
2019-01-09 13:47:48.941 [main] WARN  o.s.b.w.s.c.AnnotationConfigServletWebServerApplicationContext - Exception encountered during context initialization - cancelling refresh attempt: org.springframework.context.ApplicationContextException: Unable to start web server; nested exception is org.springframework.boot.web.server.WebServerException: Unable to start embedded Tomcat
2019-01-09 13:48:49.385 [main] WARN  o.s.b.w.s.c.AnnotationConfigServletWebServerApplicationContext - Exception encountered during context initialization - cancelling refresh attempt: org.springframework.context.ApplicationContextException: Unable to start web server; nested exception is org.springframework.boot.web.server.WebServerException: Unable to start embedded Tomcat
2019-01-09 13:49:04.169 [main] WARN  o.s.b.w.s.c.AnnotationConfigServletWebServerApplicationContext - Exception encountered during context initialization - cancelling refresh attempt: org.springframework.context.ApplicationContextException: Unable to start web server; nested exception is org.springframework.boot.web.server.WebServerException: Unable to start embedded Tomcat
2019-01-09 13:50:37.676 [main] WARN  o.s.b.a.o.j.JpaBaseConfiguration$JpaWebConfiguration$JpaWebMvcConfiguration - spring.jpa.open-in-view is enabled by default. Therefore, database queries may be performed during view rendering. Explicitly configure spring.jpa.open-in-view to disable this warning
2019-01-09 13:50:59.793 [main] WARN  o.s.b.a.o.j.JpaBaseConfiguration$JpaWebConfiguration$JpaWebMvcConfiguration - spring.jpa.open-in-view is enabled by default. Therefore, database queries may be performed during view rendering. Explicitly configure spring.jpa.open-in-view to disable this warning
2019-01-09 13:51:14.738 [http-nio-8000-exec-2] WARN  org.springframework.web.servlet.PageNotFound - No mapping for GET /WEB-INF/jsp/home.jsp
2019-01-09 13:51:46.053 [main] WARN  o.s.b.a.o.j.JpaBaseConfiguration$JpaWebConfiguration$JpaWebMvcConfiguration - spring.jpa.open-in-view is enabled by default. Therefore, database queries may be performed during view rendering. Explicitly configure spring.jpa.open-in-view to disable this warning
2019-01-09 13:51:55.558 [http-nio-8000-exec-1] WARN  org.springframework.web.servlet.PageNotFound - No mapping for GET /WEB-INF/jsp/home.jsp
2019-01-09 14:07:05.795 [main] WARN  o.s.b.a.o.j.JpaBaseConfiguration$JpaWebConfiguration$JpaWebMvcConfiguration - spring.jpa.open-in-view is enabled by default. Therefore, database queries may be performed during view rendering. Explicitly configure spring.jpa.open-in-view to disable this warning
2019-01-09 14:07:27.092 [http-nio-8000-exec-5] WARN  org.springframework.web.servlet.PageNotFound - No mapping for GET /security/page/index
