2019-03-18 15:27:34.785 [main] ERROR o.s.boot.web.embedded.tomcat.TomcatStarter - Error starting Tomcat context. Exception: org.springframework.beans.factory.BeanCreationException. Message: Error creating bean with name 'securityFilterChainRegistration' defined in class path resource [org/springframework/boot/autoconfigure/security/servlet/SecurityFilterAutoConfiguration.class]: Bean instantiation via factory method failed; nested exception is org.springframework.beans.BeanInstantiationException: Failed to instantiate [org.springframework.boot.web.servlet.DelegatingFilterProxyRegistrationBean]: Factory method 'securityFilterChainRegistration' threw exception; nested exception is java.lang.IllegalArgumentException: Collection is empty
2019-03-18 15:27:34.889 [main] ERROR org.springframework.boot.SpringApplication - Application run failed
org.springframework.context.ApplicationContextException: Unable to start web server; nested exception is org.springframework.boot.web.server.WebServerException: Unable to start embedded Tomcat
	at org.springframework.boot.web.servlet.context.ServletWebServerApplicationContext.onRefresh(ServletWebServerApplicationContext.java:155)
	at org.springframework.context.support.AbstractApplicationContext.refresh(AbstractApplicationContext.java:540)
	at org.springframework.boot.web.servlet.context.ServletWebServerApplicationContext.refresh(ServletWebServerApplicationContext.java:140)
	at org.springframework.boot.SpringApplication.refresh(SpringApplication.java:775)
	at org.springframework.boot.SpringApplication.refreshContext(SpringApplication.java:397)
	at org.springframework.boot.SpringApplication.run(SpringApplication.java:316)
	at org.springframework.boot.SpringApplication.run(SpringApplication.java:1260)
	at org.springframework.boot.SpringApplication.run(SpringApplication.java:1248)
	at com.temp.springcloud.AppServer.main(AppServer.java:17)
Caused by: org.springframework.boot.web.server.WebServerException: Unable to start embedded Tomcat
	at org.springframework.boot.web.embedded.tomcat.TomcatWebServer.initialize(TomcatWebServer.java:125)
	at org.springframework.boot.web.embedded.tomcat.TomcatWebServer.<init>(TomcatWebServer.java:86)
	at org.springframework.boot.web.embedded.tomcat.TomcatServletWebServerFactory.getTomcatWebServer(TomcatServletWebServerFactory.java:414)
	at org.springframework.boot.web.embedded.tomcat.TomcatServletWebServerFactory.getWebServer(TomcatServletWebServerFactory.java:174)
	at org.springframework.boot.web.servlet.context.ServletWebServerApplicationContext.createWebServer(ServletWebServerApplicationContext.java:179)
	at org.springframework.boot.web.servlet.context.ServletWebServerApplicationContext.onRefresh(ServletWebServerApplicationContext.java:152)
	... 8 common frames omitted
Caused by: org.springframework.beans.factory.BeanCreationException: Error creating bean with name 'securityFilterChainRegistration' defined in class path resource [org/springframework/boot/autoconfigure/security/servlet/SecurityFilterAutoConfiguration.class]: Bean instantiation via factory method failed; nested exception is org.springframework.beans.BeanInstantiationException: Failed to instantiate [org.springframework.boot.web.servlet.DelegatingFilterProxyRegistrationBean]: Factory method 'securityFilterChainRegistration' threw exception; nested exception is java.lang.IllegalArgumentException: Collection is empty
	at org.springframework.beans.factory.support.ConstructorResolver.instantiate(ConstructorResolver.java:625)
	at org.springframework.beans.factory.support.ConstructorResolver.instantiateUsingFactoryMethod(ConstructorResolver.java:605)
	at org.springframework.beans.factory.support.AbstractAutowireCapableBeanFactory.instantiateUsingFactoryMethod(AbstractAutowireCapableBeanFactory.java:1288)
	at org.springframework.beans.factory.support.AbstractAutowireCapableBeanFactory.createBeanInstance(AbstractAutowireCapableBeanFactory.java:1127)
	at org.springframework.beans.factory.support.AbstractAutowireCapableBeanFactory.doCreateBean(AbstractAutowireCapableBeanFactory.java:538)
	at org.springframework.beans.factory.support.AbstractAutowireCapableBeanFactory.createBean(AbstractAutowireCapableBeanFactory.java:498)
	at org.springframework.beans.factory.support.AbstractBeanFactory.lambda$doGetBean$0(AbstractBeanFactory.java:320)
	at org.springframework.beans.factory.support.DefaultSingletonBeanRegistry.getSingleton(DefaultSingletonBeanRegistry.java:222)
	at org.springframework.beans.factory.support.AbstractBeanFactory.doGetBean(AbstractBeanFactory.java:318)
	at org.springframework.beans.factory.support.AbstractBeanFactory.getBean(AbstractBeanFactory.java:204)
	at org.springframework.boot.web.servlet.ServletContextInitializerBeans.getOrderedBeansOfType(ServletContextInitializerBeans.java:236)
	at org.springframework.boot.web.servlet.ServletContextInitializerBeans.getOrderedBeansOfType(ServletContextInitializerBeans.java:224)
	at org.springframework.boot.web.servlet.ServletContextInitializerBeans.addServletContextInitializerBeans(ServletContextInitializerBeans.java:100)
	at org.springframework.boot.web.servlet.ServletContextInitializerBeans.<init>(ServletContextInitializerBeans.java:88)
	at org.springframework.boot.web.servlet.context.ServletWebServerApplicationContext.getServletContextInitializerBeans(ServletWebServerApplicationContext.java:250)
	at org.springframework.boot.web.servlet.context.ServletWebServerApplicationContext.selfInitialize(ServletWebServerApplicationContext.java:237)
	at org.springframework.boot.web.embedded.tomcat.TomcatStarter.onStartup(TomcatStarter.java:54)
	at org.apache.catalina.core.StandardContext.startInternal(StandardContext.java:5098)
	at org.apache.catalina.util.LifecycleBase.start(LifecycleBase.java:183)
	at org.apache.catalina.core.ContainerBase$StartChild.call(ContainerBase.java:1429)
	at org.apache.catalina.core.ContainerBase$StartChild.call(ContainerBase.java:1419)
	at java.util.concurrent.FutureTask.run(FutureTask.java:266)
	at org.apache.tomcat.util.threads.InlineExecutorService.execute(InlineExecutorService.java:75)
	at java.util.concurrent.AbstractExecutorService.submit(AbstractExecutorService.java:134)
	at org.apache.catalina.core.ContainerBase.startInternal(ContainerBase.java:944)
	at org.apache.catalina.core.StandardHost.startInternal(StandardHost.java:839)
	at org.apache.catalina.util.LifecycleBase.start(LifecycleBase.java:183)
	at org.apache.catalina.core.ContainerBase$StartChild.call(ContainerBase.java:1429)
	at org.apache.catalina.core.ContainerBase$StartChild.call(ContainerBase.java:1419)
	at java.util.concurrent.FutureTask.run(FutureTask.java:266)
	at org.apache.tomcat.util.threads.InlineExecutorService.execute(InlineExecutorService.java:75)
	at java.util.concurrent.AbstractExecutorService.submit(AbstractExecutorService.java:134)
	at org.apache.catalina.core.ContainerBase.startInternal(ContainerBase.java:944)
	at org.apache.catalina.core.StandardEngine.startInternal(StandardEngine.java:261)
	at org.apache.catalina.util.LifecycleBase.start(LifecycleBase.java:183)
	at org.apache.catalina.core.StandardService.startInternal(StandardService.java:422)
	at org.apache.catalina.util.LifecycleBase.start(LifecycleBase.java:183)
	at org.apache.catalina.core.StandardServer.startInternal(StandardServer.java:770)
	at org.apache.catalina.util.LifecycleBase.start(LifecycleBase.java:183)
	at org.apache.catalina.startup.Tomcat.start(Tomcat.java:370)
	at org.springframework.boot.web.embedded.tomcat.TomcatWebServer.initialize(TomcatWebServer.java:106)
	... 13 common frames omitted
Caused by: org.springframework.beans.BeanInstantiationException: Failed to instantiate [org.springframework.boot.web.servlet.DelegatingFilterProxyRegistrationBean]: Factory method 'securityFilterChainRegistration' threw exception; nested exception is java.lang.IllegalArgumentException: Collection is empty
	at org.springframework.beans.factory.support.SimpleInstantiationStrategy.instantiate(SimpleInstantiationStrategy.java:185)
	at org.springframework.beans.factory.support.ConstructorResolver.instantiate(ConstructorResolver.java:620)
	... 53 common frames omitted
Caused by: java.lang.IllegalArgumentException: Collection is empty
	at java.util.EnumSet.copyOf(EnumSet.java:174)
	at java.util.function.Function.lambda$andThen$1(Function.java:88)
	at java.util.stream.ReferencePipeline.collect(ReferencePipeline.java:503)
	at org.springframework.boot.autoconfigure.security.servlet.SecurityFilterAutoConfiguration.getDispatcherTypes(SecurityFilterAutoConfiguration.java:77)
	at org.springframework.boot.autoconfigure.security.servlet.SecurityFilterAutoConfiguration.securityFilterChainRegistration(SecurityFilterAutoConfiguration.java:67)
	at org.springframework.boot.autoconfigure.security.servlet.SecurityFilterAutoConfiguration$$EnhancerBySpringCGLIB$$2821912f.CGLIB$securityFilterChainRegistration$0(<generated>)
	at org.springframework.boot.autoconfigure.security.servlet.SecurityFilterAutoConfiguration$$EnhancerBySpringCGLIB$$2821912f$$FastClassBySpringCGLIB$$f5c64326.invoke(<generated>)
	at org.springframework.cglib.proxy.MethodProxy.invokeSuper(MethodProxy.java:244)
	at org.springframework.context.annotation.ConfigurationClassEnhancer$BeanMethodInterceptor.intercept(ConfigurationClassEnhancer.java:363)
	at org.springframework.boot.autoconfigure.security.servlet.SecurityFilterAutoConfiguration$$EnhancerBySpringCGLIB$$2821912f.securityFilterChainRegistration(<generated>)
	at sun.reflect.NativeMethodAccessorImpl.invoke0(Native Method)
	at sun.reflect.NativeMethodAccessorImpl.invoke(NativeMethodAccessorImpl.java:62)
	at sun.reflect.DelegatingMethodAccessorImpl.invoke(DelegatingMethodAccessorImpl.java:43)
	at java.lang.reflect.Method.invoke(Method.java:498)
	at org.springframework.beans.factory.support.SimpleInstantiationStrategy.instantiate(SimpleInstantiationStrategy.java:154)
	... 54 common frames omitted
2019-03-18 15:29:18.194 [main] ERROR com.alibaba.druid.pool.DruidDataSource - testWhileIdle is true, validationQuery not set
2019-03-18 15:33:33.146 [main] ERROR com.alibaba.druid.pool.DruidDataSource - testWhileIdle is true, validationQuery not set
2019-03-18 16:36:56.703 [main] ERROR com.alibaba.druid.pool.DruidDataSource - testWhileIdle is true, validationQuery not set
2019-03-18 16:52:42.407 [main] ERROR com.alibaba.druid.pool.DruidDataSource - testWhileIdle is true, validationQuery not set
2019-03-18 16:58:47.943 [kafkaMessageListenerContainer-C-1] ERROR o.a.k.c.consumer.internals.ConsumerCoordinator - [Consumer clientId=consumer-1, groupId=0] Offset commit failed on partition defaultTopic-0 at offset 2: The coordinator is not aware of this member.
2019-03-18 17:00:03.804 [main] ERROR com.alibaba.druid.pool.DruidDataSource - testWhileIdle is true, validationQuery not set
2019-03-18 17:01:53.042 [kafkaMessageListenerContainer-C-1] ERROR o.a.k.c.consumer.internals.ConsumerCoordinator - [Consumer clientId=consumer-1, groupId=0] Offset commit failed on partition home-0 at offset 4: The coordinator is not aware of this member.
2019-03-18 17:12:27.083 [main] ERROR com.alibaba.druid.pool.DruidDataSource - testWhileIdle is true, validationQuery not set
2019-03-18 17:14:00.552 [main] ERROR com.alibaba.druid.pool.DruidDataSource - testWhileIdle is true, validationQuery not set
2019-03-18 17:16:02.429 [main] ERROR com.alibaba.druid.pool.DruidDataSource - testWhileIdle is true, validationQuery not set
2019-03-18 18:25:57.274 [kafkaMessageListenerContainer-C-1] ERROR o.a.k.c.consumer.internals.ConsumerCoordinator - [Consumer clientId=consumer-1, groupId=0] Offset commit failed on partition atopic-0 at offset 7: The coordinator is not aware of this member.
2019-03-18 18:25:57.277 [kafkaMessageListenerContainer-C-1] ERROR o.a.k.c.consumer.internals.ConsumerCoordinator - [Consumer clientId=consumer-1, groupId=0] Offset commit failed on partition atopic-0 at offset 7: The coordinator is not aware of this member.
2019-03-18 18:28:07.272 [kafkaMessageListenerContainer-C-1] ERROR o.a.k.c.consumer.internals.ConsumerCoordinator - [Consumer clientId=consumer-1, groupId=0] Offset commit failed on partition atopic-0 at offset 7: The coordinator is not aware of this member.
2019-03-18 18:28:07.274 [kafkaMessageListenerContainer-C-1] ERROR o.a.k.c.consumer.internals.ConsumerCoordinator - [Consumer clientId=consumer-1, groupId=0] Offset commit failed on partition atopic-0 at offset 7: The coordinator is not aware of this member.
2019-03-18 18:28:07.274 [kafkaMessageListenerContainer-C-1] ERROR o.a.k.c.consumer.internals.ConsumerCoordinator - [Consumer clientId=consumer-1, groupId=0] Offset commit failed on partition atopic-0 at offset 7: The coordinator is not aware of this member.
2019-03-18 18:28:07.274 [kafkaMessageListenerContainer-C-1] ERROR o.a.k.c.consumer.internals.ConsumerCoordinator - [Consumer clientId=consumer-1, groupId=0] Offset commit failed on partition atopic-0 at offset 7: The coordinator is not aware of this member.
2019-03-18 18:28:07.274 [kafkaMessageListenerContainer-C-1] ERROR o.a.k.c.consumer.internals.ConsumerCoordinator - [Consumer clientId=consumer-1, groupId=0] Offset commit failed on partition atopic-0 at offset 7: The coordinator is not aware of this member.
2019-03-18 18:28:07.277 [kafkaMessageListenerContainer-C-1] ERROR o.a.k.c.consumer.internals.ConsumerCoordinator - [Consumer clientId=consumer-1, groupId=0] Offset commit failed on partition atopic-0 at offset 7: The coordinator is not aware of this member.
2019-03-18 18:28:07.278 [kafkaMessageListenerContainer-C-1] ERROR o.a.k.c.consumer.internals.ConsumerCoordinator - [Consumer clientId=consumer-1, groupId=0] Offset commit failed on partition atopic-0 at offset 7: The coordinator is not aware of this member.
2019-03-18 18:28:07.278 [kafkaMessageListenerContainer-C-1] ERROR o.a.k.c.consumer.internals.ConsumerCoordinator - [Consumer clientId=consumer-1, groupId=0] Offset commit failed on partition atopic-0 at offset 7: The coordinator is not aware of this member.
2019-03-18 18:28:07.278 [kafkaMessageListenerContainer-C-1] ERROR o.a.k.c.consumer.internals.ConsumerCoordinator - [Consumer clientId=consumer-1, groupId=0] Offset commit failed on partition atopic-0 at offset 7: The coordinator is not aware of this member.
2019-03-18 18:28:07.278 [kafkaMessageListenerContainer-C-1] ERROR o.a.k.c.consumer.internals.ConsumerCoordinator - [Consumer clientId=consumer-1, groupId=0] Offset commit failed on partition atopic-0 at offset 7: The coordinator is not aware of this member.
2019-03-18 18:28:07.278 [kafkaMessageListenerContainer-C-1] ERROR o.a.k.c.consumer.internals.ConsumerCoordinator - [Consumer clientId=consumer-1, groupId=0] Offset commit failed on partition atopic-0 at offset 7: The coordinator is not aware of this member.
2019-03-18 18:28:07.279 [kafkaMessageListenerContainer-C-1] ERROR o.a.k.c.consumer.internals.ConsumerCoordinator - [Consumer clientId=consumer-1, groupId=0] Offset commit failed on partition atopic-0 at offset 7: The coordinator is not aware of this member.
2019-03-18 18:28:07.279 [kafkaMessageListenerContainer-C-1] ERROR o.a.k.c.consumer.internals.ConsumerCoordinator - [Consumer clientId=consumer-1, groupId=0] Offset commit failed on partition atopic-0 at offset 7: The coordinator is not aware of this member.
2019-03-18 18:28:07.279 [kafkaMessageListenerContainer-C-1] ERROR o.a.k.c.consumer.internals.ConsumerCoordinator - [Consumer clientId=consumer-1, groupId=0] Offset commit failed on partition atopic-0 at offset 7: The coordinator is not aware of this member.
2019-03-18 18:28:07.279 [kafkaMessageListenerContainer-C-1] ERROR o.a.k.c.consumer.internals.ConsumerCoordinator - [Consumer clientId=consumer-1, groupId=0] Offset commit failed on partition atopic-0 at offset 7: The coordinator is not aware of this member.
2019-03-18 18:28:07.279 [kafkaMessageListenerContainer-C-1] ERROR o.a.k.c.consumer.internals.ConsumerCoordinator - [Consumer clientId=consumer-1, groupId=0] Offset commit failed on partition atopic-0 at offset 7: The coordinator is not aware of this member.
2019-03-18 18:28:07.279 [kafkaMessageListenerContainer-C-1] ERROR o.a.k.c.consumer.internals.ConsumerCoordinator - [Consumer clientId=consumer-1, groupId=0] Offset commit failed on partition atopic-0 at offset 7: The coordinator is not aware of this member.
2019-03-18 18:28:07.279 [kafkaMessageListenerContainer-C-1] ERROR o.a.k.c.consumer.internals.ConsumerCoordinator - [Consumer clientId=consumer-1, groupId=0] Offset commit failed on partition atopic-0 at offset 7: The coordinator is not aware of this member.
2019-03-18 18:28:07.280 [kafkaMessageListenerContainer-C-1] ERROR o.a.k.c.consumer.internals.ConsumerCoordinator - [Consumer clientId=consumer-1, groupId=0] Offset commit failed on partition atopic-0 at offset 7: The coordinator is not aware of this member.
2019-03-18 18:28:07.280 [kafkaMessageListenerContainer-C-1] ERROR o.a.k.c.consumer.internals.ConsumerCoordinator - [Consumer clientId=consumer-1, groupId=0] Offset commit failed on partition atopic-0 at offset 7: The coordinator is not aware of this member.
2019-03-18 18:28:07.280 [kafkaMessageListenerContainer-C-1] ERROR o.a.k.c.consumer.internals.ConsumerCoordinator - [Consumer clientId=consumer-1, groupId=0] Offset commit failed on partition atopic-0 at offset 7: The coordinator is not aware of this member.
2019-03-18 18:28:07.280 [kafkaMessageListenerContainer-C-1] ERROR o.a.k.c.consumer.internals.ConsumerCoordinator - [Consumer clientId=consumer-1, groupId=0] Offset commit failed on partition atopic-0 at offset 7: The coordinator is not aware of this member.
2019-03-18 18:28:07.280 [kafkaMessageListenerContainer-C-1] ERROR o.a.k.c.consumer.internals.ConsumerCoordinator - [Consumer clientId=consumer-1, groupId=0] Offset commit failed on partition atopic-0 at offset 7: The coordinator is not aware of this member.
2019-03-18 18:28:07.280 [kafkaMessageListenerContainer-C-1] ERROR o.a.k.c.consumer.internals.ConsumerCoordinator - [Consumer clientId=consumer-1, groupId=0] Offset commit failed on partition atopic-0 at offset 7: The coordinator is not aware of this member.
2019-03-18 18:28:07.321 [kafkaMessageListenerContainer-C-1] ERROR o.a.k.c.consumer.internals.ConsumerCoordinator - [Consumer clientId=consumer-1, groupId=0] Offset commit failed on partition atopic-0 at offset 7: The coordinator is not aware of this member.
2019-03-18 18:28:07.321 [kafkaMessageListenerContainer-C-1] ERROR o.a.k.c.consumer.internals.ConsumerCoordinator - [Consumer clientId=consumer-1, groupId=0] Offset commit failed on partition atopic-0 at offset 7: The coordinator is not aware of this member.
2019-03-18 18:28:07.321 [kafkaMessageListenerContainer-C-1] ERROR o.a.k.c.consumer.internals.ConsumerCoordinator - [Consumer clientId=consumer-1, groupId=0] Offset commit failed on partition atopic-0 at offset 7: The coordinator is not aware of this member.
2019-03-18 18:28:07.321 [kafkaMessageListenerContainer-C-1] ERROR o.a.k.c.consumer.internals.ConsumerCoordinator - [Consumer clientId=consumer-1, groupId=0] Offset commit failed on partition atopic-0 at offset 7: The coordinator is not aware of this member.
2019-03-18 18:28:07.322 [kafkaMessageListenerContainer-C-1] ERROR o.a.k.c.consumer.internals.ConsumerCoordinator - [Consumer clientId=consumer-1, groupId=0] Offset commit failed on partition atopic-0 at offset 7: The coordinator is not aware of this member.
2019-03-18 18:28:07.322 [kafkaMessageListenerContainer-C-1] ERROR o.a.k.c.consumer.internals.ConsumerCoordinator - [Consumer clientId=consumer-1, groupId=0] Offset commit failed on partition atopic-0 at offset 7: The coordinator is not aware of this member.
2019-03-18 18:28:07.322 [kafkaMessageListenerContainer-C-1] ERROR o.a.k.c.consumer.internals.ConsumerCoordinator - [Consumer clientId=consumer-1, groupId=0] Offset commit failed on partition atopic-0 at offset 7: The coordinator is not aware of this member.
2019-03-18 18:28:07.322 [kafkaMessageListenerContainer-C-1] ERROR o.a.k.c.consumer.internals.ConsumerCoordinator - [Consumer clientId=consumer-1, groupId=0] Offset commit failed on partition atopic-0 at offset 7: The coordinator is not aware of this member.
2019-03-18 18:28:07.323 [kafkaMessageListenerContainer-C-1] ERROR o.a.k.c.consumer.internals.ConsumerCoordinator - [Consumer clientId=consumer-1, groupId=0] Offset commit failed on partition atopic-0 at offset 7: The coordinator is not aware of this member.
2019-03-18 18:28:07.323 [kafkaMessageListenerContainer-C-1] ERROR o.a.k.c.consumer.internals.ConsumerCoordinator - [Consumer clientId=consumer-1, groupId=0] Offset commit failed on partition atopic-0 at offset 7: The coordinator is not aware of this member.
2019-03-18 18:28:07.323 [kafkaMessageListenerContainer-C-1] ERROR o.a.k.c.consumer.internals.ConsumerCoordinator - [Consumer clientId=consumer-1, groupId=0] Offset commit failed on partition atopic-0 at offset 7: The coordinator is not aware of this member.
2019-03-18 18:28:07.323 [kafkaMessageListenerContainer-C-1] ERROR o.a.k.c.consumer.internals.ConsumerCoordinator - [Consumer clientId=consumer-1, groupId=0] Offset commit failed on partition atopic-0 at offset 7: The coordinator is not aware of this member.
2019-03-18 18:28:07.323 [kafkaMessageListenerContainer-C-1] ERROR o.a.k.c.consumer.internals.ConsumerCoordinator - [Consumer clientId=consumer-1, groupId=0] Offset commit failed on partition atopic-0 at offset 7: The coordinator is not aware of this member.
2019-03-18 18:28:07.325 [kafkaMessageListenerContainer-C-1] ERROR o.a.k.c.consumer.internals.ConsumerCoordinator - [Consumer clientId=consumer-1, groupId=0] Offset commit failed on partition atopic-0 at offset 7: The coordinator is not aware of this member.
