2019-01-11 14:28:37.244 [main] INFO  com.temp.springcloud.SpringSecurityTx - Starting SpringSecurityTx vv1.0 on MS-20181009BXWL with PID 12684 (F:\base_boot2-v1.0.jar started by Administrator in F:\)
2019-01-11 14:28:37.245 [main] INFO  com.temp.springcloud.SpringSecurityTx - No active profile set, falling back to default profiles: default
2019-01-11 14:28:38.325 [main] INFO  o.s.d.r.config.RepositoryConfigurationDelegate - Multiple Spring Data modules found, entering strict repository configuration mode!
2019-01-11 14:28:38.326 [main] INFO  o.s.d.r.config.RepositoryConfigurationDelegate - Bootstrapping Spring Data repositories in DEFAULT mode.
2019-01-11 14:28:38.351 [main] INFO  o.s.d.r.config.RepositoryConfigurationDelegate - Finished Spring Data repository scanning in 15ms. Found 0 repository interfaces.
2019-01-11 14:28:38.366 [main] INFO  o.s.d.r.config.RepositoryConfigurationDelegate - Multiple Spring Data modules found, entering strict repository configuration mode!
2019-01-11 14:28:38.367 [main] INFO  o.s.d.r.config.RepositoryConfigurationDelegate - Bootstrapping Spring Data repositories in DEFAULT mode.
2019-01-11 14:28:38.377 [main] INFO  o.s.d.r.config.RepositoryConfigurationDelegate - Finished Spring Data repository scanning in 2ms. Found 0 repository interfaces.
2019-01-11 14:28:38.824 [main] INFO  o.s.c.s.PostProcessorRegistrationDelegate$BeanPostProcessorChecker - Bean 'org.springframework.transaction.annotation.ProxyTransactionManagementConfiguration' of type [org.springframework.transaction.annotation.ProxyTransactionManagementConfiguration$$EnhancerBySpringCGLIB$$e9c2456a] is not eligible for getting processed by all BeanPostProcessors (for example: not eligible for auto-proxying)
2019-01-11 14:28:39.347 [main] INFO  o.s.boot.web.embedded.tomcat.TomcatWebServer - Tomcat initialized with port(s): 8000 (http)
2019-01-11 14:28:39.363 [main] INFO  org.apache.coyote.http11.Http11NioProtocol - Initializing ProtocolHandler ["http-nio-8000"]
2019-01-11 14:28:39.370 [main] INFO  org.apache.catalina.core.StandardService - Starting service [Tomcat]
2019-01-11 14:28:39.370 [main] INFO  org.apache.catalina.core.StandardEngine - Starting Servlet Engine: Apache Tomcat/9.0.12
2019-01-11 14:28:39.382 [main] INFO  org.apache.catalina.core.AprLifecycleListener - The APR based Apache Tomcat Native library which allows optimal performance in production environments was not found on the java.library.path: [D:\jdk_install\jdk1.8\bin;C:\Windows\Sun\Java\bin;C:\Windows\system32;C:\Windows;C:\app\Administrator\product\11.2.0\dbhome_1\bin;C:\Windows\system32;C:\Windows;C:\Windows\System32\Wbem;C:\Windows\System32\WindowsPowerShell\v1.0\;F:\soft\torsvn\bin;C:\Program Files\Git\cmd;C:\Users\Administrator\AppData\Local\Programs\Python\Python36;C:\Users\Administrator\AppData\Local\Programs\Python\Python36\Scripts;F:\soft\nodejs\;D:\jdk_install\jdk1.8\bin;D:\baidustorage\maven\apache-maven-3.5.3\bin;C:\Users\Administrator\AppData\Roaming\npm;.]
2019-01-11 14:28:39.793 [main] INFO  org.apache.jasper.servlet.TldScanner - At least one JAR was scanned for TLDs yet contained no TLDs. Enable debug logging for this logger for a complete list of JARs that were scanned but no TLDs were found in them. Skipping unneeded JARs during scanning can improve startup time and JSP compilation time.
2019-01-11 14:28:39.973 [main] INFO  o.a.c.core.ContainerBase.[Tomcat].[localhost].[/] - Initializing Spring embedded WebApplicationContext
2019-01-11 14:28:39.974 [main] INFO  org.springframework.web.context.ContextLoader - Root WebApplicationContext: initialization completed in 2684 ms
2019-01-11 14:28:40.011 [main] INFO  o.s.boot.web.servlet.ServletRegistrationBean - Servlet dispatcherServlet mapped to [/]
2019-01-11 14:28:40.013 [main] INFO  o.s.boot.web.servlet.ServletRegistrationBean - Servlet statViewServlet mapped to [/druid/*]
2019-01-11 14:28:40.036 [main] INFO  o.s.boot.web.servlet.FilterRegistrationBean - Mapping filter: 'characterEncodingFilter' to: [/*]
2019-01-11 14:28:40.037 [main] INFO  o.s.boot.web.servlet.FilterRegistrationBean - Mapping filter: 'webStatFilter' to urls: [/*]
2019-01-11 14:28:40.076 [main] INFO  c.a.d.s.b.a.DruidDataSourceAutoConfigure - Init DruidDataSource
2019-01-11 14:28:40.183 [main] INFO  com.alibaba.druid.pool.DruidDataSource - {dataSource-1} inited
2019-01-11 14:28:40.323 [main] INFO  org.hibernate.jpa.internal.util.LogHelper - HHH000204: Processing PersistenceUnitInfo [
	name: default
	...]
2019-01-11 14:28:40.385 [main] INFO  org.hibernate.Version - HHH000412: Hibernate Core {5.3.7.Final}
2019-01-11 14:28:40.387 [main] INFO  org.hibernate.cfg.Environment - HHH000206: hibernate.properties not found
2019-01-11 14:28:40.517 [main] INFO  org.hibernate.annotations.common.Version - HCANN000001: Hibernate Commons Annotations {5.0.4.Final}
2019-01-11 14:28:40.757 [main] INFO  org.hibernate.dialect.Dialect - HHH000400: Using dialect: org.hibernate.dialect.H2Dialect
2019-01-11 14:28:40.971 [main] INFO  o.hibernate.tool.schema.internal.SchemaCreatorImpl - HHH000476: Executing import script 'org.hibernate.tool.schema.internal.exec.ScriptSourceInputNonExistentImpl@7eecb5b8'
2019-01-11 14:28:40.974 [main] INFO  o.s.orm.jpa.LocalContainerEntityManagerFactoryBean - Initialized JPA EntityManagerFactory for persistence unit 'default'
2019-01-11 14:28:41.969 [main] INFO  org.apache.coyote.http11.Http11NioProtocol - Starting ProtocolHandler ["http-nio-8000"]
2019-01-11 14:28:41.976 [main] INFO  org.apache.tomcat.util.net.NioSelectorPool - Using a shared selector for servlet write/read
2019-01-11 14:28:42.006 [main] INFO  o.s.boot.web.embedded.tomcat.TomcatWebServer - Tomcat started on port(s): 8000 (http) with context path ''
2019-01-11 14:28:42.009 [main] INFO  com.temp.springcloud.SpringSecurityTx - Started SpringSecurityTx in 5.655 seconds (JVM running for 6.117)
2019-01-11 14:28:53.664 [http-nio-8000-exec-1] INFO  o.a.c.core.ContainerBase.[Tomcat].[localhost].[/] - Initializing Spring DispatcherServlet 'dispatcherServlet'
2019-01-11 14:28:53.665 [http-nio-8000-exec-1] INFO  org.springframework.web.servlet.DispatcherServlet - Initializing Servlet 'dispatcherServlet'
2019-01-11 14:28:53.676 [http-nio-8000-exec-1] INFO  org.springframework.web.servlet.DispatcherServlet - Completed initialization in 11 ms
2019-01-11 14:33:29.133 [Thread-5] INFO  o.s.orm.jpa.LocalContainerEntityManagerFactoryBean - Closing JPA EntityManagerFactory for persistence unit 'default'
2019-01-11 14:33:29.135 [Thread-5] INFO  o.h.t.s.i.SchemaDropperImpl$DelayedDropActionImpl - HHH000477: Starting delayed evictData of schema as part of SessionFactory shut-down'
2019-01-11 14:33:29.145 [Thread-5] INFO  com.alibaba.druid.pool.DruidDataSource - {dataSource-1} closed
2019-01-11 14:33:36.899 [main] INFO  com.temp.springcloud.SpringSecurityTx - Starting SpringSecurityTx on MS-20181009BXWL with PID 13316 (D:\component\component\springCloud\base_boot2\target\classes started by Administrator in D:\component\component\springCloud)
2019-01-11 14:33:36.901 [main] INFO  com.temp.springcloud.SpringSecurityTx - No active profile set, falling back to default profiles: default
2019-01-11 14:33:37.690 [main] INFO  o.s.d.r.config.RepositoryConfigurationDelegate - Multiple Spring Data modules found, entering strict repository configuration mode!
2019-01-11 14:33:37.691 [main] INFO  o.s.d.r.config.RepositoryConfigurationDelegate - Bootstrapping Spring Data repositories in DEFAULT mode.
2019-01-11 14:33:37.720 [main] INFO  o.s.d.r.config.RepositoryConfigurationDelegate - Finished Spring Data repository scanning in 22ms. Found 0 repository interfaces.
2019-01-11 14:33:37.733 [main] INFO  o.s.d.r.config.RepositoryConfigurationDelegate - Multiple Spring Data modules found, entering strict repository configuration mode!
2019-01-11 14:33:37.734 [main] INFO  o.s.d.r.config.RepositoryConfigurationDelegate - Bootstrapping Spring Data repositories in DEFAULT mode.
2019-01-11 14:33:37.749 [main] INFO  o.s.d.r.config.RepositoryConfigurationDelegate - Finished Spring Data repository scanning in 7ms. Found 0 repository interfaces.
2019-01-11 14:33:38.184 [main] INFO  o.s.c.s.PostProcessorRegistrationDelegate$BeanPostProcessorChecker - Bean 'org.springframework.transaction.annotation.ProxyTransactionManagementConfiguration' of type [org.springframework.transaction.annotation.ProxyTransactionManagementConfiguration$$EnhancerBySpringCGLIB$$853cbcd1] is not eligible for getting processed by all BeanPostProcessors (for example: not eligible for auto-proxying)
2019-01-11 14:33:38.659 [main] INFO  o.s.boot.web.embedded.tomcat.TomcatWebServer - Tomcat initialized with port(s): 8000 (http)
2019-01-11 14:33:38.672 [main] INFO  org.apache.coyote.http11.Http11NioProtocol - Initializing ProtocolHandler ["http-nio-8000"]
2019-01-11 14:33:38.679 [main] INFO  org.apache.catalina.core.StandardService - Starting service [Tomcat]
2019-01-11 14:33:38.679 [main] INFO  org.apache.catalina.core.StandardEngine - Starting Servlet Engine: Apache Tomcat/9.0.12
2019-01-11 14:33:38.689 [main] INFO  org.apache.catalina.core.AprLifecycleListener - The APR based Apache Tomcat Native library which allows optimal performance in production environments was not found on the java.library.path: [D:\jdk_install\jdk1.8\bin;C:\Windows\Sun\Java\bin;C:\Windows\system32;C:\Windows;C:\app\Administrator\product\11.2.0\dbhome_1\bin;C:\Windows\system32;C:\Windows;C:\Windows\System32\Wbem;C:\Windows\System32\WindowsPowerShell\v1.0\;F:\soft\torsvn\bin;C:\Program Files\Git\cmd;C:\Users\Administrator\AppData\Local\Programs\Python\Python36;C:\Users\Administrator\AppData\Local\Programs\Python\Python36\Scripts;F:\soft\nodejs\;D:\jdk_install\jdk1.8\bin;D:\baidustorage\maven\apache-maven-3.5.3\bin;C:\Users\Administrator\AppData\Roaming\npm;.]
2019-01-11 14:33:38.836 [main] INFO  o.a.c.core.ContainerBase.[Tomcat].[localhost].[/] - Initializing Spring embedded WebApplicationContext
2019-01-11 14:33:38.837 [main] INFO  org.springframework.web.context.ContextLoader - Root WebApplicationContext: initialization completed in 1879 ms
2019-01-11 14:33:38.877 [main] INFO  o.s.boot.web.servlet.ServletRegistrationBean - Servlet dispatcherServlet mapped to [/]
2019-01-11 14:33:38.879 [main] INFO  o.s.boot.web.servlet.ServletRegistrationBean - Servlet statViewServlet mapped to [/druid/*]
2019-01-11 14:33:38.882 [main] INFO  o.s.boot.web.servlet.FilterRegistrationBean - Mapping filter: 'characterEncodingFilter' to: [/*]
2019-01-11 14:33:38.882 [main] INFO  o.s.boot.web.servlet.FilterRegistrationBean - Mapping filter: 'webStatFilter' to urls: [/*]
2019-01-11 14:33:38.925 [main] INFO  c.a.d.s.b.a.DruidDataSourceAutoConfigure - Init DruidDataSource
2019-01-11 14:33:39.042 [main] INFO  com.alibaba.druid.pool.DruidDataSource - {dataSource-1} inited
2019-01-11 14:33:39.194 [main] INFO  org.hibernate.jpa.internal.util.LogHelper - HHH000204: Processing PersistenceUnitInfo [
	name: default
	...]
2019-01-11 14:33:39.258 [main] INFO  org.hibernate.Version - HHH000412: Hibernate Core {5.3.7.Final}
2019-01-11 14:33:39.259 [main] INFO  org.hibernate.cfg.Environment - HHH000206: hibernate.properties not found
2019-01-11 14:33:39.403 [main] INFO  org.hibernate.annotations.common.Version - HCANN000001: Hibernate Commons Annotations {5.0.4.Final}
2019-01-11 14:33:39.557 [main] INFO  org.hibernate.dialect.Dialect - HHH000400: Using dialect: org.hibernate.dialect.H2Dialect
2019-01-11 14:33:39.766 [main] INFO  o.hibernate.tool.schema.internal.SchemaCreatorImpl - HHH000476: Executing import script 'org.hibernate.tool.schema.internal.exec.ScriptSourceInputNonExistentImpl@4a070cf0'
2019-01-11 14:33:39.769 [main] INFO  o.s.orm.jpa.LocalContainerEntityManagerFactoryBean - Initialized JPA EntityManagerFactory for persistence unit 'default'
2019-01-11 14:33:40.787 [main] INFO  org.apache.coyote.http11.Http11NioProtocol - Starting ProtocolHandler ["http-nio-8000"]
2019-01-11 14:33:40.796 [main] INFO  org.apache.tomcat.util.net.NioSelectorPool - Using a shared selector for servlet write/read
2019-01-11 14:33:40.813 [main] INFO  o.s.boot.web.embedded.tomcat.TomcatWebServer - Tomcat started on port(s): 8000 (http) with context path ''
2019-01-11 14:33:40.816 [main] INFO  com.temp.springcloud.SpringSecurityTx - Started SpringSecurityTx in 5.308 seconds (JVM running for 6.033)
2019-01-11 14:33:40.822 [main] INFO  c.t.s.s.controller.SqlFileExecutorControllerForJar - ===========执行脚本文件：001_hqbpmn_20181211_v2.3.2.0_mfl_init.sql =========== 
2019-01-11 14:33:40.833 [main] INFO  c.t.s.s.controller.SqlFileExecutorControllerForJar - ===========执行脚本文件：002_hqbpmn_20181211_v2.3.2.0_lw_init.sql =========== 
2019-01-11 14:34:04.798 [main] INFO  com.temp.springcloud.SpringSecurityTx - Starting SpringSecurityTx on MS-20181009BXWL with PID 13544 (D:\component\component\springCloud\base_boot2\target\classes started by Administrator in D:\component\component\springCloud)
2019-01-11 14:34:04.799 [main] INFO  com.temp.springcloud.SpringSecurityTx - No active profile set, falling back to default profiles: default
2019-01-11 14:34:05.535 [main] INFO  o.s.d.r.config.RepositoryConfigurationDelegate - Multiple Spring Data modules found, entering strict repository configuration mode!
2019-01-11 14:34:05.536 [main] INFO  o.s.d.r.config.RepositoryConfigurationDelegate - Bootstrapping Spring Data repositories in DEFAULT mode.
2019-01-11 14:34:05.565 [main] INFO  o.s.d.r.config.RepositoryConfigurationDelegate - Finished Spring Data repository scanning in 21ms. Found 0 repository interfaces.
2019-01-11 14:34:05.578 [main] INFO  o.s.d.r.config.RepositoryConfigurationDelegate - Multiple Spring Data modules found, entering strict repository configuration mode!
2019-01-11 14:34:05.579 [main] INFO  o.s.d.r.config.RepositoryConfigurationDelegate - Bootstrapping Spring Data repositories in DEFAULT mode.
2019-01-11 14:34:05.594 [main] INFO  o.s.d.r.config.RepositoryConfigurationDelegate - Finished Spring Data repository scanning in 8ms. Found 0 repository interfaces.
2019-01-11 14:34:06.008 [main] INFO  o.s.c.s.PostProcessorRegistrationDelegate$BeanPostProcessorChecker - Bean 'org.springframework.transaction.annotation.ProxyTransactionManagementConfiguration' of type [org.springframework.transaction.annotation.ProxyTransactionManagementConfiguration$$EnhancerBySpringCGLIB$$243ad9a] is not eligible for getting processed by all BeanPostProcessors (for example: not eligible for auto-proxying)
2019-01-11 14:34:06.493 [main] INFO  o.s.boot.web.embedded.tomcat.TomcatWebServer - Tomcat initialized with port(s): 8000 (http)
2019-01-11 14:34:06.506 [main] INFO  org.apache.coyote.http11.Http11NioProtocol - Initializing ProtocolHandler ["http-nio-8000"]
2019-01-11 14:34:06.512 [main] INFO  org.apache.catalina.core.StandardService - Starting service [Tomcat]
2019-01-11 14:34:06.513 [main] INFO  org.apache.catalina.core.StandardEngine - Starting Servlet Engine: Apache Tomcat/9.0.12
2019-01-11 14:34:06.522 [main] INFO  org.apache.catalina.core.AprLifecycleListener - The APR based Apache Tomcat Native library which allows optimal performance in production environments was not found on the java.library.path: [D:\jdk_install\jdk1.8\bin;C:\Windows\Sun\Java\bin;C:\Windows\system32;C:\Windows;C:\app\Administrator\product\11.2.0\dbhome_1\bin;C:\Windows\system32;C:\Windows;C:\Windows\System32\Wbem;C:\Windows\System32\WindowsPowerShell\v1.0\;F:\soft\torsvn\bin;C:\Program Files\Git\cmd;C:\Users\Administrator\AppData\Local\Programs\Python\Python36;C:\Users\Administrator\AppData\Local\Programs\Python\Python36\Scripts;F:\soft\nodejs\;D:\jdk_install\jdk1.8\bin;D:\baidustorage\maven\apache-maven-3.5.3\bin;C:\Users\Administrator\AppData\Roaming\npm;.]
2019-01-11 14:34:06.675 [main] INFO  o.a.c.core.ContainerBase.[Tomcat].[localhost].[/] - Initializing Spring embedded WebApplicationContext
2019-01-11 14:34:06.675 [main] INFO  org.springframework.web.context.ContextLoader - Root WebApplicationContext: initialization completed in 1830 ms
2019-01-11 14:34:06.716 [main] INFO  o.s.boot.web.servlet.ServletRegistrationBean - Servlet dispatcherServlet mapped to [/]
2019-01-11 14:34:06.718 [main] INFO  o.s.boot.web.servlet.ServletRegistrationBean - Servlet statViewServlet mapped to [/druid/*]
2019-01-11 14:34:06.722 [main] INFO  o.s.boot.web.servlet.FilterRegistrationBean - Mapping filter: 'characterEncodingFilter' to: [/*]
2019-01-11 14:34:06.723 [main] INFO  o.s.boot.web.servlet.FilterRegistrationBean - Mapping filter: 'webStatFilter' to urls: [/*]
2019-01-11 14:34:06.767 [main] INFO  c.a.d.s.b.a.DruidDataSourceAutoConfigure - Init DruidDataSource
2019-01-11 14:34:06.876 [main] INFO  com.alibaba.druid.pool.DruidDataSource - {dataSource-1} inited
2019-01-11 14:34:07.022 [main] INFO  org.hibernate.jpa.internal.util.LogHelper - HHH000204: Processing PersistenceUnitInfo [
	name: default
	...]
2019-01-11 14:34:07.086 [main] INFO  org.hibernate.Version - HHH000412: Hibernate Core {5.3.7.Final}
2019-01-11 14:34:07.087 [main] INFO  org.hibernate.cfg.Environment - HHH000206: hibernate.properties not found
2019-01-11 14:34:07.229 [main] INFO  org.hibernate.annotations.common.Version - HCANN000001: Hibernate Commons Annotations {5.0.4.Final}
2019-01-11 14:34:07.378 [main] INFO  org.hibernate.dialect.Dialect - HHH000400: Using dialect: org.hibernate.dialect.H2Dialect
2019-01-11 14:34:07.585 [main] INFO  o.hibernate.tool.schema.internal.SchemaCreatorImpl - HHH000476: Executing import script 'org.hibernate.tool.schema.internal.exec.ScriptSourceInputNonExistentImpl@7fdd43cd'
2019-01-11 14:34:07.588 [main] INFO  o.s.orm.jpa.LocalContainerEntityManagerFactoryBean - Initialized JPA EntityManagerFactory for persistence unit 'default'
2019-01-11 14:34:08.621 [main] INFO  org.apache.coyote.http11.Http11NioProtocol - Starting ProtocolHandler ["http-nio-8000"]
2019-01-11 14:34:08.630 [main] INFO  org.apache.tomcat.util.net.NioSelectorPool - Using a shared selector for servlet write/read
2019-01-11 14:34:08.647 [main] INFO  o.s.boot.web.embedded.tomcat.TomcatWebServer - Tomcat started on port(s): 8000 (http) with context path ''
2019-01-11 14:34:08.651 [main] INFO  com.temp.springcloud.SpringSecurityTx - Started SpringSecurityTx in 5.279 seconds (JVM running for 6.124)
2019-01-11 14:34:08.657 [main] INFO  c.t.s.s.controller.SqlFileExecutorControllerForJar - ===========执行脚本文件：001_hqbpmn_20181211_v2.3.2.0_mfl_init.sql =========== 
2019-01-11 14:34:08.668 [main] INFO  c.t.s.s.controller.SqlFileExecutorControllerForJar - ===========执行脚本文件：002_hqbpmn_20181211_v2.3.2.0_lw_init.sql =========== 
2019-01-11 14:34:14.642 [http-nio-8000-exec-1] INFO  o.a.c.core.ContainerBase.[Tomcat].[localhost].[/] - Initializing Spring DispatcherServlet 'dispatcherServlet'
2019-01-11 14:34:14.642 [http-nio-8000-exec-1] INFO  org.springframework.web.servlet.DispatcherServlet - Initializing Servlet 'dispatcherServlet'
2019-01-11 14:34:14.650 [http-nio-8000-exec-1] INFO  org.springframework.web.servlet.DispatcherServlet - Completed initialization in 8 ms
2019-01-11 14:34:14.682 [http-nio-8000-exec-1] INFO  c.t.s.s.controller.SqlFileExecutorControllerForJar - ===========执行脚本文件：001_hqbpmn_20181211_v2.3.2.0_mfl_init.sql =========== 
2019-01-11 14:34:14.690 [http-nio-8000-exec-1] INFO  c.t.s.s.controller.SqlFileExecutorControllerForJar - ===========执行脚本文件：002_hqbpmn_20181211_v2.3.2.0_lw_init.sql =========== 
2019-01-11 14:34:46.493 [main] INFO  com.temp.springcloud.SpringSecurityTx - Starting SpringSecurityTx vv1.0 on MS-20181009BXWL with PID 12320 (F:\base_boot2-v1.0.jar started by Administrator in F:\)
2019-01-11 14:34:46.494 [main] INFO  com.temp.springcloud.SpringSecurityTx - No active profile set, falling back to default profiles: default
2019-01-11 14:34:47.192 [main] INFO  o.s.d.r.config.RepositoryConfigurationDelegate - Multiple Spring Data modules found, entering strict repository configuration mode!
2019-01-11 14:34:47.194 [main] INFO  o.s.d.r.config.RepositoryConfigurationDelegate - Bootstrapping Spring Data repositories in DEFAULT mode.
2019-01-11 14:34:47.219 [main] INFO  o.s.d.r.config.RepositoryConfigurationDelegate - Finished Spring Data repository scanning in 16ms. Found 0 repository interfaces.
2019-01-11 14:34:47.233 [main] INFO  o.s.d.r.config.RepositoryConfigurationDelegate - Multiple Spring Data modules found, entering strict repository configuration mode!
2019-01-11 14:34:47.234 [main] INFO  o.s.d.r.config.RepositoryConfigurationDelegate - Bootstrapping Spring Data repositories in DEFAULT mode.
2019-01-11 14:34:47.244 [main] INFO  o.s.d.r.config.RepositoryConfigurationDelegate - Finished Spring Data repository scanning in 2ms. Found 0 repository interfaces.
2019-01-11 14:34:47.676 [main] INFO  o.s.c.s.PostProcessorRegistrationDelegate$BeanPostProcessorChecker - Bean 'org.springframework.transaction.annotation.ProxyTransactionManagementConfiguration' of type [org.springframework.transaction.annotation.ProxyTransactionManagementConfiguration$$EnhancerBySpringCGLIB$$84779db9] is not eligible for getting processed by all BeanPostProcessors (for example: not eligible for auto-proxying)
2019-01-11 14:34:48.190 [main] INFO  o.s.boot.web.embedded.tomcat.TomcatWebServer - Tomcat initialized with port(s): 8000 (http)
2019-01-11 14:34:48.206 [main] INFO  org.apache.coyote.http11.Http11NioProtocol - Initializing ProtocolHandler ["http-nio-8000"]
2019-01-11 14:34:48.214 [main] INFO  org.apache.catalina.core.StandardService - Starting service [Tomcat]
2019-01-11 14:34:48.215 [main] INFO  org.apache.catalina.core.StandardEngine - Starting Servlet Engine: Apache Tomcat/9.0.12
2019-01-11 14:34:48.228 [main] INFO  org.apache.catalina.core.AprLifecycleListener - The APR based Apache Tomcat Native library which allows optimal performance in production environments was not found on the java.library.path: [D:\jdk_install\jdk1.8\bin;C:\Windows\Sun\Java\bin;C:\Windows\system32;C:\Windows;C:\app\Administrator\product\11.2.0\dbhome_1\bin;C:\Windows\system32;C:\Windows;C:\Windows\System32\Wbem;C:\Windows\System32\WindowsPowerShell\v1.0\;F:\soft\torsvn\bin;C:\Program Files\Git\cmd;C:\Users\Administrator\AppData\Local\Programs\Python\Python36;C:\Users\Administrator\AppData\Local\Programs\Python\Python36\Scripts;F:\soft\nodejs\;D:\jdk_install\jdk1.8\bin;D:\baidustorage\maven\apache-maven-3.5.3\bin;C:\Users\Administrator\AppData\Roaming\npm;.]
2019-01-11 14:34:48.630 [main] INFO  org.apache.jasper.servlet.TldScanner - At least one JAR was scanned for TLDs yet contained no TLDs. Enable debug logging for this logger for a complete list of JARs that were scanned but no TLDs were found in them. Skipping unneeded JARs during scanning can improve startup time and JSP compilation time.
2019-01-11 14:34:48.809 [main] INFO  o.a.c.core.ContainerBase.[Tomcat].[localhost].[/] - Initializing Spring embedded WebApplicationContext
2019-01-11 14:34:48.809 [main] INFO  org.springframework.web.context.ContextLoader - Root WebApplicationContext: initialization completed in 2275 ms
2019-01-11 14:34:48.847 [main] INFO  o.s.boot.web.servlet.ServletRegistrationBean - Servlet dispatcherServlet mapped to [/]
2019-01-11 14:34:48.849 [main] INFO  o.s.boot.web.servlet.ServletRegistrationBean - Servlet statViewServlet mapped to [/druid/*]
2019-01-11 14:34:48.854 [main] INFO  o.s.boot.web.servlet.FilterRegistrationBean - Mapping filter: 'characterEncodingFilter' to: [/*]
2019-01-11 14:34:48.855 [main] INFO  o.s.boot.web.servlet.FilterRegistrationBean - Mapping filter: 'webStatFilter' to urls: [/*]
2019-01-11 14:34:48.897 [main] INFO  c.a.d.s.b.a.DruidDataSourceAutoConfigure - Init DruidDataSource
2019-01-11 14:34:49.017 [main] INFO  com.alibaba.druid.pool.DruidDataSource - {dataSource-1} inited
2019-01-11 14:34:49.162 [main] INFO  org.hibernate.jpa.internal.util.LogHelper - HHH000204: Processing PersistenceUnitInfo [
	name: default
	...]
2019-01-11 14:34:49.231 [main] INFO  org.hibernate.Version - HHH000412: Hibernate Core {5.3.7.Final}
2019-01-11 14:34:49.233 [main] INFO  org.hibernate.cfg.Environment - HHH000206: hibernate.properties not found
2019-01-11 14:34:49.376 [main] INFO  org.hibernate.annotations.common.Version - HCANN000001: Hibernate Commons Annotations {5.0.4.Final}
2019-01-11 14:34:49.617 [main] INFO  org.hibernate.dialect.Dialect - HHH000400: Using dialect: org.hibernate.dialect.H2Dialect
2019-01-11 14:34:49.814 [main] INFO  o.hibernate.tool.schema.internal.SchemaCreatorImpl - HHH000476: Executing import script 'org.hibernate.tool.schema.internal.exec.ScriptSourceInputNonExistentImpl@126253fd'
2019-01-11 14:34:49.817 [main] INFO  o.s.orm.jpa.LocalContainerEntityManagerFactoryBean - Initialized JPA EntityManagerFactory for persistence unit 'default'
2019-01-11 14:34:50.970 [main] INFO  org.apache.coyote.http11.Http11NioProtocol - Starting ProtocolHandler ["http-nio-8000"]
2019-01-11 14:34:50.979 [main] INFO  org.apache.tomcat.util.net.NioSelectorPool - Using a shared selector for servlet write/read
2019-01-11 14:34:51.010 [main] INFO  o.s.boot.web.embedded.tomcat.TomcatWebServer - Tomcat started on port(s): 8000 (http) with context path ''
2019-01-11 14:34:51.013 [main] INFO  com.temp.springcloud.SpringSecurityTx - Started SpringSecurityTx in 5.428 seconds (JVM running for 5.887)
2019-01-11 14:35:48.978 [Thread-5] INFO  o.s.orm.jpa.LocalContainerEntityManagerFactoryBean - Closing JPA EntityManagerFactory for persistence unit 'default'
2019-01-11 14:35:48.979 [Thread-5] INFO  o.h.t.s.i.SchemaDropperImpl$DelayedDropActionImpl - HHH000477: Starting delayed evictData of schema as part of SessionFactory shut-down'
2019-01-11 14:35:48.988 [Thread-5] INFO  com.alibaba.druid.pool.DruidDataSource - {dataSource-1} closed
2019-01-11 14:35:55.965 [main] INFO  com.temp.springcloud.SpringSecurityTx - Starting SpringSecurityTx on MS-20181009BXWL with PID 14524 (D:\component\component\springCloud\base_boot2\target\classes started by Administrator in D:\component\component\springCloud)
2019-01-11 14:35:55.967 [main] INFO  com.temp.springcloud.SpringSecurityTx - No active profile set, falling back to default profiles: default
2019-01-11 14:35:56.743 [main] INFO  o.s.d.r.config.RepositoryConfigurationDelegate - Multiple Spring Data modules found, entering strict repository configuration mode!
2019-01-11 14:35:56.745 [main] INFO  o.s.d.r.config.RepositoryConfigurationDelegate - Bootstrapping Spring Data repositories in DEFAULT mode.
2019-01-11 14:35:56.779 [main] INFO  o.s.d.r.config.RepositoryConfigurationDelegate - Finished Spring Data repository scanning in 26ms. Found 0 repository interfaces.
2019-01-11 14:35:56.794 [main] INFO  o.s.d.r.config.RepositoryConfigurationDelegate - Multiple Spring Data modules found, entering strict repository configuration mode!
2019-01-11 14:35:56.795 [main] INFO  o.s.d.r.config.RepositoryConfigurationDelegate - Bootstrapping Spring Data repositories in DEFAULT mode.
2019-01-11 14:35:56.810 [main] INFO  o.s.d.r.config.RepositoryConfigurationDelegate - Finished Spring Data repository scanning in 8ms. Found 0 repository interfaces.
2019-01-11 14:35:57.336 [main] INFO  o.s.c.s.PostProcessorRegistrationDelegate$BeanPostProcessorChecker - Bean 'org.springframework.transaction.annotation.ProxyTransactionManagementConfiguration' of type [org.springframework.transaction.annotation.ProxyTransactionManagementConfiguration$$EnhancerBySpringCGLIB$$2698c87a] is not eligible for getting processed by all BeanPostProcessors (for example: not eligible for auto-proxying)
2019-01-11 14:35:57.876 [main] INFO  o.s.boot.web.embedded.tomcat.TomcatWebServer - Tomcat initialized with port(s): 8000 (http)
2019-01-11 14:35:57.892 [main] INFO  org.apache.coyote.http11.Http11NioProtocol - Initializing ProtocolHandler ["http-nio-8000"]
2019-01-11 14:35:57.900 [main] INFO  org.apache.catalina.core.StandardService - Starting service [Tomcat]
2019-01-11 14:35:57.900 [main] INFO  org.apache.catalina.core.StandardEngine - Starting Servlet Engine: Apache Tomcat/9.0.12
2019-01-11 14:35:57.911 [main] INFO  org.apache.catalina.core.AprLifecycleListener - The APR based Apache Tomcat Native library which allows optimal performance in production environments was not found on the java.library.path: [D:\jdk_install\jdk1.8\bin;C:\Windows\Sun\Java\bin;C:\Windows\system32;C:\Windows;C:\app\Administrator\product\11.2.0\dbhome_1\bin;C:\Windows\system32;C:\Windows;C:\Windows\System32\Wbem;C:\Windows\System32\WindowsPowerShell\v1.0\;F:\soft\torsvn\bin;C:\Program Files\Git\cmd;C:\Users\Administrator\AppData\Local\Programs\Python\Python36;C:\Users\Administrator\AppData\Local\Programs\Python\Python36\Scripts;F:\soft\nodejs\;D:\jdk_install\jdk1.8\bin;D:\baidustorage\maven\apache-maven-3.5.3\bin;C:\Users\Administrator\AppData\Roaming\npm;.]
2019-01-11 14:35:58.063 [main] INFO  o.a.c.core.ContainerBase.[Tomcat].[localhost].[/] - Initializing Spring embedded WebApplicationContext
2019-01-11 14:35:58.063 [main] INFO  org.springframework.web.context.ContextLoader - Root WebApplicationContext: initialization completed in 2050 ms
2019-01-11 14:35:58.108 [main] INFO  o.s.boot.web.servlet.ServletRegistrationBean - Servlet dispatcherServlet mapped to [/]
2019-01-11 14:35:58.110 [main] INFO  o.s.boot.web.servlet.ServletRegistrationBean - Servlet statViewServlet mapped to [/druid/*]
2019-01-11 14:35:58.115 [main] INFO  o.s.boot.web.servlet.FilterRegistrationBean - Mapping filter: 'characterEncodingFilter' to: [/*]
2019-01-11 14:35:58.116 [main] INFO  o.s.boot.web.servlet.FilterRegistrationBean - Mapping filter: 'webStatFilter' to urls: [/*]
2019-01-11 14:35:58.167 [main] INFO  c.a.d.s.b.a.DruidDataSourceAutoConfigure - Init DruidDataSource
2019-01-11 14:35:58.290 [main] INFO  com.alibaba.druid.pool.DruidDataSource - {dataSource-1} inited
2019-01-11 14:35:58.484 [main] INFO  org.hibernate.jpa.internal.util.LogHelper - HHH000204: Processing PersistenceUnitInfo [
	name: default
	...]
2019-01-11 14:35:58.545 [main] INFO  org.hibernate.Version - HHH000412: Hibernate Core {5.3.7.Final}
2019-01-11 14:35:58.547 [main] INFO  org.hibernate.cfg.Environment - HHH000206: hibernate.properties not found
2019-01-11 14:35:58.691 [main] INFO  org.hibernate.annotations.common.Version - HCANN000001: Hibernate Commons Annotations {5.0.4.Final}
2019-01-11 14:35:58.865 [main] INFO  org.hibernate.dialect.Dialect - HHH000400: Using dialect: org.hibernate.dialect.H2Dialect
2019-01-11 14:35:59.120 [main] INFO  o.hibernate.tool.schema.internal.SchemaCreatorImpl - HHH000476: Executing import script 'org.hibernate.tool.schema.internal.exec.ScriptSourceInputNonExistentImpl@3b65084e'
2019-01-11 14:35:59.123 [main] INFO  o.s.orm.jpa.LocalContainerEntityManagerFactoryBean - Initialized JPA EntityManagerFactory for persistence unit 'default'
2019-01-11 14:36:00.302 [main] INFO  org.apache.coyote.http11.Http11NioProtocol - Starting ProtocolHandler ["http-nio-8000"]
2019-01-11 14:36:00.313 [main] INFO  org.apache.tomcat.util.net.NioSelectorPool - Using a shared selector for servlet write/read
2019-01-11 14:36:00.332 [main] INFO  o.s.boot.web.embedded.tomcat.TomcatWebServer - Tomcat started on port(s): 8000 (http) with context path ''
2019-01-11 14:36:00.336 [main] INFO  com.temp.springcloud.SpringSecurityTx - Started SpringSecurityTx in 5.828 seconds (JVM running for 6.623)
2019-01-11 14:36:46.913 [main] INFO  c.t.s.s.controller.SqlFileExecutorControllerForJar - ===========执行脚本文件：001_hqbpmn_20181211_v2.3.2.0_mfl_init.sql =========== 
2019-01-11 14:36:58.319 [main] INFO  c.t.s.s.controller.SqlFileExecutorControllerForJar - ===========执行脚本文件：002_hqbpmn_20181211_v2.3.2.0_lw_init.sql =========== 
2019-01-11 14:39:28.543 [main] INFO  com.temp.springcloud.SpringSecurityTx - Starting SpringSecurityTx on MS-20181009BXWL with PID 16036 (D:\component\component\springCloud\base_boot2\target\classes started by Administrator in D:\component\component\springCloud)
2019-01-11 14:39:28.544 [main] INFO  com.temp.springcloud.SpringSecurityTx - No active profile set, falling back to default profiles: default
2019-01-11 14:39:29.227 [main] INFO  o.s.d.r.config.RepositoryConfigurationDelegate - Multiple Spring Data modules found, entering strict repository configuration mode!
2019-01-11 14:39:29.229 [main] INFO  o.s.d.r.config.RepositoryConfigurationDelegate - Bootstrapping Spring Data repositories in DEFAULT mode.
2019-01-11 14:39:29.261 [main] INFO  o.s.d.r.config.RepositoryConfigurationDelegate - Finished Spring Data repository scanning in 24ms. Found 0 repository interfaces.
2019-01-11 14:39:29.275 [main] INFO  o.s.d.r.config.RepositoryConfigurationDelegate - Multiple Spring Data modules found, entering strict repository configuration mode!
2019-01-11 14:39:29.276 [main] INFO  o.s.d.r.config.RepositoryConfigurationDelegate - Bootstrapping Spring Data repositories in DEFAULT mode.
2019-01-11 14:39:29.292 [main] INFO  o.s.d.r.config.RepositoryConfigurationDelegate - Finished Spring Data repository scanning in 8ms. Found 0 repository interfaces.
2019-01-11 14:39:29.710 [main] INFO  o.s.c.s.PostProcessorRegistrationDelegate$BeanPostProcessorChecker - Bean 'org.springframework.transaction.annotation.ProxyTransactionManagementConfiguration' of type [org.springframework.transaction.annotation.ProxyTransactionManagementConfiguration$$EnhancerBySpringCGLIB$$ad64dacd] is not eligible for getting processed by all BeanPostProcessors (for example: not eligible for auto-proxying)
2019-01-11 14:39:30.202 [main] INFO  o.s.boot.web.embedded.tomcat.TomcatWebServer - Tomcat initialized with port(s): 8000 (http)
2019-01-11 14:39:30.216 [main] INFO  org.apache.coyote.http11.Http11NioProtocol - Initializing ProtocolHandler ["http-nio-8000"]
2019-01-11 14:39:30.224 [main] INFO  org.apache.catalina.core.StandardService - Starting service [Tomcat]
2019-01-11 14:39:30.224 [main] INFO  org.apache.catalina.core.StandardEngine - Starting Servlet Engine: Apache Tomcat/9.0.12
2019-01-11 14:39:30.235 [main] INFO  org.apache.catalina.core.AprLifecycleListener - The APR based Apache Tomcat Native library which allows optimal performance in production environments was not found on the java.library.path: [D:\jdk_install\jdk1.8\bin;C:\Windows\Sun\Java\bin;C:\Windows\system32;C:\Windows;C:\app\Administrator\product\11.2.0\dbhome_1\bin;C:\Windows\system32;C:\Windows;C:\Windows\System32\Wbem;C:\Windows\System32\WindowsPowerShell\v1.0\;F:\soft\torsvn\bin;C:\Program Files\Git\cmd;C:\Users\Administrator\AppData\Local\Programs\Python\Python36;C:\Users\Administrator\AppData\Local\Programs\Python\Python36\Scripts;F:\soft\nodejs\;D:\jdk_install\jdk1.8\bin;D:\baidustorage\maven\apache-maven-3.5.3\bin;C:\Users\Administrator\AppData\Roaming\npm;.]
2019-01-11 14:39:30.383 [main] INFO  o.a.c.core.ContainerBase.[Tomcat].[localhost].[/] - Initializing Spring embedded WebApplicationContext
2019-01-11 14:39:30.383 [main] INFO  org.springframework.web.context.ContextLoader - Root WebApplicationContext: initialization completed in 1798 ms
2019-01-11 14:39:30.420 [main] INFO  o.s.boot.web.servlet.ServletRegistrationBean - Servlet dispatcherServlet mapped to [/]
2019-01-11 14:39:30.422 [main] INFO  o.s.boot.web.servlet.ServletRegistrationBean - Servlet statViewServlet mapped to [/druid/*]
2019-01-11 14:39:30.426 [main] INFO  o.s.boot.web.servlet.FilterRegistrationBean - Mapping filter: 'characterEncodingFilter' to: [/*]
2019-01-11 14:39:30.426 [main] INFO  o.s.boot.web.servlet.FilterRegistrationBean - Mapping filter: 'webStatFilter' to urls: [/*]
2019-01-11 14:39:30.469 [main] INFO  c.a.d.s.b.a.DruidDataSourceAutoConfigure - Init DruidDataSource
2019-01-11 14:39:30.578 [main] INFO  com.alibaba.druid.pool.DruidDataSource - {dataSource-1} inited
2019-01-11 14:39:30.727 [main] INFO  org.hibernate.jpa.internal.util.LogHelper - HHH000204: Processing PersistenceUnitInfo [
	name: default
	...]
2019-01-11 14:39:30.792 [main] INFO  org.hibernate.Version - HHH000412: Hibernate Core {5.3.7.Final}
2019-01-11 14:39:30.794 [main] INFO  org.hibernate.cfg.Environment - HHH000206: hibernate.properties not found
2019-01-11 14:39:30.939 [main] INFO  org.hibernate.annotations.common.Version - HCANN000001: Hibernate Commons Annotations {5.0.4.Final}
2019-01-11 14:39:31.099 [main] INFO  org.hibernate.dialect.Dialect - HHH000400: Using dialect: org.hibernate.dialect.H2Dialect
2019-01-11 14:39:31.312 [main] INFO  o.hibernate.tool.schema.internal.SchemaCreatorImpl - HHH000476: Executing import script 'org.hibernate.tool.schema.internal.exec.ScriptSourceInputNonExistentImpl@30c19bff'
2019-01-11 14:39:31.315 [main] INFO  o.s.orm.jpa.LocalContainerEntityManagerFactoryBean - Initialized JPA EntityManagerFactory for persistence unit 'default'
2019-01-11 14:39:32.318 [main] INFO  org.apache.coyote.http11.Http11NioProtocol - Starting ProtocolHandler ["http-nio-8000"]
2019-01-11 14:39:32.327 [main] INFO  org.apache.tomcat.util.net.NioSelectorPool - Using a shared selector for servlet write/read
2019-01-11 14:39:32.344 [main] INFO  o.s.boot.web.embedded.tomcat.TomcatWebServer - Tomcat started on port(s): 8000 (http) with context path ''
2019-01-11 14:39:32.347 [main] INFO  com.temp.springcloud.SpringSecurityTx - Started SpringSecurityTx in 5.173 seconds (JVM running for 5.782)
2019-01-11 14:39:32.353 [main] INFO  c.t.s.s.controller.SqlFileExecutorControllerForJar - ===========执行脚本文件：001_hqbpmn_20181211_v2.3.2.0_mfl_init.sql =========== 
2019-01-11 14:39:32.363 [main] INFO  c.t.s.s.controller.SqlFileExecutorControllerForJar - ===========执行脚本文件：002_hqbpmn_20181211_v2.3.2.0_lw_init.sql =========== 
2019-01-11 14:41:51.966 [main] INFO  com.temp.springcloud.SpringSecurityTx - Starting SpringSecurityTx vv1.0 on MS-20181009BXWL with PID 15444 (F:\base_boot2-v1.0.jar started by Administrator in F:\)
2019-01-11 14:41:51.967 [main] INFO  com.temp.springcloud.SpringSecurityTx - No active profile set, falling back to default profiles: default
2019-01-11 14:41:52.688 [main] INFO  o.s.d.r.config.RepositoryConfigurationDelegate - Multiple Spring Data modules found, entering strict repository configuration mode!
2019-01-11 14:41:52.690 [main] INFO  o.s.d.r.config.RepositoryConfigurationDelegate - Bootstrapping Spring Data repositories in DEFAULT mode.
2019-01-11 14:41:52.715 [main] INFO  o.s.d.r.config.RepositoryConfigurationDelegate - Finished Spring Data repository scanning in 16ms. Found 0 repository interfaces.
2019-01-11 14:41:52.729 [main] INFO  o.s.d.r.config.RepositoryConfigurationDelegate - Multiple Spring Data modules found, entering strict repository configuration mode!
2019-01-11 14:41:52.731 [main] INFO  o.s.d.r.config.RepositoryConfigurationDelegate - Bootstrapping Spring Data repositories in DEFAULT mode.
2019-01-11 14:41:52.742 [main] INFO  o.s.d.r.config.RepositoryConfigurationDelegate - Finished Spring Data repository scanning in 3ms. Found 0 repository interfaces.
2019-01-11 14:41:53.203 [main] INFO  o.s.c.s.PostProcessorRegistrationDelegate$BeanPostProcessorChecker - Bean 'org.springframework.transaction.annotation.ProxyTransactionManagementConfiguration' of type [org.springframework.transaction.annotation.ProxyTransactionManagementConfiguration$$EnhancerBySpringCGLIB$$4bfce9e4] is not eligible for getting processed by all BeanPostProcessors (for example: not eligible for auto-proxying)
2019-01-11 14:41:53.750 [main] INFO  o.s.boot.web.embedded.tomcat.TomcatWebServer - Tomcat initialized with port(s): 8000 (http)
2019-01-11 14:41:53.766 [main] INFO  org.apache.coyote.http11.Http11NioProtocol - Initializing ProtocolHandler ["http-nio-8000"]
2019-01-11 14:41:53.774 [main] INFO  org.apache.catalina.core.StandardService - Starting service [Tomcat]
2019-01-11 14:41:53.775 [main] INFO  org.apache.catalina.core.StandardEngine - Starting Servlet Engine: Apache Tomcat/9.0.12
2019-01-11 14:41:53.787 [main] INFO  org.apache.catalina.core.AprLifecycleListener - The APR based Apache Tomcat Native library which allows optimal performance in production environments was not found on the java.library.path: [D:\jdk_install\jdk1.8\bin;C:\Windows\Sun\Java\bin;C:\Windows\system32;C:\Windows;C:\app\Administrator\product\11.2.0\dbhome_1\bin;C:\Windows\system32;C:\Windows;C:\Windows\System32\Wbem;C:\Windows\System32\WindowsPowerShell\v1.0\;F:\soft\torsvn\bin;C:\Program Files\Git\cmd;C:\Users\Administrator\AppData\Local\Programs\Python\Python36;C:\Users\Administrator\AppData\Local\Programs\Python\Python36\Scripts;F:\soft\nodejs\;D:\jdk_install\jdk1.8\bin;D:\baidustorage\maven\apache-maven-3.5.3\bin;C:\Users\Administrator\AppData\Roaming\npm;.]
2019-01-11 14:41:54.177 [main] INFO  org.apache.jasper.servlet.TldScanner - At least one JAR was scanned for TLDs yet contained no TLDs. Enable debug logging for this logger for a complete list of JARs that were scanned but no TLDs were found in them. Skipping unneeded JARs during scanning can improve startup time and JSP compilation time.
2019-01-11 14:41:54.355 [main] INFO  o.a.c.core.ContainerBase.[Tomcat].[localhost].[/] - Initializing Spring embedded WebApplicationContext
2019-01-11 14:41:54.356 [main] INFO  org.springframework.web.context.ContextLoader - Root WebApplicationContext: initialization completed in 2347 ms
2019-01-11 14:41:54.394 [main] INFO  o.s.boot.web.servlet.ServletRegistrationBean - Servlet dispatcherServlet mapped to [/]
2019-01-11 14:41:54.396 [main] INFO  o.s.boot.web.servlet.ServletRegistrationBean - Servlet statViewServlet mapped to [/druid/*]
2019-01-11 14:41:54.401 [main] INFO  o.s.boot.web.servlet.FilterRegistrationBean - Mapping filter: 'characterEncodingFilter' to: [/*]
2019-01-11 14:41:54.402 [main] INFO  o.s.boot.web.servlet.FilterRegistrationBean - Mapping filter: 'webStatFilter' to urls: [/*]
2019-01-11 14:41:54.446 [main] INFO  c.a.d.s.b.a.DruidDataSourceAutoConfigure - Init DruidDataSource
2019-01-11 14:41:54.565 [main] INFO  com.alibaba.druid.pool.DruidDataSource - {dataSource-1} inited
2019-01-11 14:41:54.717 [main] INFO  org.hibernate.jpa.internal.util.LogHelper - HHH000204: Processing PersistenceUnitInfo [
	name: default
	...]
2019-01-11 14:41:54.785 [main] INFO  org.hibernate.Version - HHH000412: Hibernate Core {5.3.7.Final}
2019-01-11 14:41:54.787 [main] INFO  org.hibernate.cfg.Environment - HHH000206: hibernate.properties not found
2019-01-11 14:41:54.937 [main] INFO  org.hibernate.annotations.common.Version - HCANN000001: Hibernate Commons Annotations {5.0.4.Final}
2019-01-11 14:41:55.165 [main] INFO  org.hibernate.dialect.Dialect - HHH000400: Using dialect: org.hibernate.dialect.H2Dialect
2019-01-11 14:41:55.387 [main] INFO  o.hibernate.tool.schema.internal.SchemaCreatorImpl - HHH000476: Executing import script 'org.hibernate.tool.schema.internal.exec.ScriptSourceInputNonExistentImpl@624ea235'
2019-01-11 14:41:55.390 [main] INFO  o.s.orm.jpa.LocalContainerEntityManagerFactoryBean - Initialized JPA EntityManagerFactory for persistence unit 'default'
2019-01-11 14:41:56.411 [main] INFO  org.apache.coyote.http11.Http11NioProtocol - Starting ProtocolHandler ["http-nio-8000"]
2019-01-11 14:41:56.421 [main] INFO  org.apache.tomcat.util.net.NioSelectorPool - Using a shared selector for servlet write/read
2019-01-11 14:41:56.454 [main] INFO  o.s.boot.web.embedded.tomcat.TomcatWebServer - Tomcat started on port(s): 8000 (http) with context path ''
2019-01-11 14:41:56.457 [main] INFO  com.temp.springcloud.SpringSecurityTx - Started SpringSecurityTx in 5.567 seconds (JVM running for 6.053)
2019-01-11 14:52:57.099 [main] INFO  com.temp.springcloud.SpringSecurityTx - Starting SpringSecurityTx on MS-20181009BXWL with PID 15376 (D:\component\component\springCloud\base_boot2\target\classes started by Administrator in D:\component\component\springCloud)
2019-01-11 14:52:57.100 [main] INFO  com.temp.springcloud.SpringSecurityTx - No active profile set, falling back to default profiles: default
2019-01-11 14:52:58.564 [main] INFO  o.s.d.r.config.RepositoryConfigurationDelegate - Multiple Spring Data modules found, entering strict repository configuration mode!
2019-01-11 14:52:58.566 [main] INFO  o.s.d.r.config.RepositoryConfigurationDelegate - Bootstrapping Spring Data repositories in DEFAULT mode.
2019-01-11 14:52:58.597 [main] INFO  o.s.d.r.config.RepositoryConfigurationDelegate - Finished Spring Data repository scanning in 23ms. Found 0 repository interfaces.
2019-01-11 14:52:58.610 [main] INFO  o.s.d.r.config.RepositoryConfigurationDelegate - Multiple Spring Data modules found, entering strict repository configuration mode!
2019-01-11 14:52:58.611 [main] INFO  o.s.d.r.config.RepositoryConfigurationDelegate - Bootstrapping Spring Data repositories in DEFAULT mode.
2019-01-11 14:52:58.632 [main] INFO  o.s.d.r.config.RepositoryConfigurationDelegate - Finished Spring Data repository scanning in 7ms. Found 0 repository interfaces.
2019-01-11 14:52:58.996 [main] INFO  o.s.c.s.PostProcessorRegistrationDelegate$BeanPostProcessorChecker - Bean 'org.springframework.transaction.annotation.ProxyTransactionManagementConfiguration' of type [org.springframework.transaction.annotation.ProxyTransactionManagementConfiguration$$EnhancerBySpringCGLIB$$471aacab] is not eligible for getting processed by all BeanPostProcessors (for example: not eligible for auto-proxying)
2019-01-11 14:52:59.525 [main] INFO  o.s.boot.web.embedded.tomcat.TomcatWebServer - Tomcat initialized with port(s): 8000 (http)
2019-01-11 14:52:59.539 [main] INFO  org.apache.coyote.http11.Http11NioProtocol - Initializing ProtocolHandler ["http-nio-8000"]
2019-01-11 14:52:59.545 [main] INFO  org.apache.catalina.core.StandardService - Starting service [Tomcat]
2019-01-11 14:52:59.546 [main] INFO  org.apache.catalina.core.StandardEngine - Starting Servlet Engine: Apache Tomcat/9.0.12
2019-01-11 14:52:59.556 [main] INFO  org.apache.catalina.core.AprLifecycleListener - The APR based Apache Tomcat Native library which allows optimal performance in production environments was not found on the java.library.path: [D:\jdk_install\jdk1.8\bin;C:\Windows\Sun\Java\bin;C:\Windows\system32;C:\Windows;C:\app\Administrator\product\11.2.0\dbhome_1\bin;C:\Windows\system32;C:\Windows;C:\Windows\System32\Wbem;C:\Windows\System32\WindowsPowerShell\v1.0\;F:\soft\torsvn\bin;C:\Program Files\Git\cmd;C:\Users\Administrator\AppData\Local\Programs\Python\Python36;C:\Users\Administrator\AppData\Local\Programs\Python\Python36\Scripts;F:\soft\nodejs\;D:\jdk_install\jdk1.8\bin;D:\baidustorage\maven\apache-maven-3.5.3\bin;C:\Users\Administrator\AppData\Roaming\npm;.]
2019-01-11 14:52:59.711 [main] INFO  o.a.c.core.ContainerBase.[Tomcat].[localhost].[/] - Initializing Spring embedded WebApplicationContext
2019-01-11 14:52:59.712 [main] INFO  org.springframework.web.context.ContextLoader - Root WebApplicationContext: initialization completed in 2519 ms
2019-01-11 14:52:59.751 [main] INFO  o.s.boot.web.servlet.ServletRegistrationBean - Servlet dispatcherServlet mapped to [/]
2019-01-11 14:52:59.753 [main] INFO  o.s.boot.web.servlet.ServletRegistrationBean - Servlet statViewServlet mapped to [/druid/*]
2019-01-11 14:52:59.757 [main] INFO  o.s.boot.web.servlet.FilterRegistrationBean - Mapping filter: 'characterEncodingFilter' to: [/*]
2019-01-11 14:52:59.759 [main] INFO  o.s.boot.web.servlet.FilterRegistrationBean - Mapping filter: 'webStatFilter' to urls: [/*]
2019-01-11 14:52:59.800 [main] INFO  c.a.d.s.b.a.DruidDataSourceAutoConfigure - Init DruidDataSource
2019-01-11 14:52:59.919 [main] INFO  com.alibaba.druid.pool.DruidDataSource - {dataSource-1} inited
2019-01-11 14:53:00.087 [main] INFO  org.hibernate.jpa.internal.util.LogHelper - HHH000204: Processing PersistenceUnitInfo [
	name: default
	...]
2019-01-11 14:53:00.149 [main] INFO  org.hibernate.Version - HHH000412: Hibernate Core {5.3.7.Final}
2019-01-11 14:53:00.151 [main] INFO  org.hibernate.cfg.Environment - HHH000206: hibernate.properties not found
2019-01-11 14:53:00.290 [main] INFO  org.hibernate.annotations.common.Version - HCANN000001: Hibernate Commons Annotations {5.0.4.Final}
2019-01-11 14:53:00.445 [main] INFO  org.hibernate.dialect.Dialect - HHH000400: Using dialect: org.hibernate.dialect.H2Dialect
2019-01-11 14:53:00.651 [main] INFO  o.hibernate.tool.schema.internal.SchemaCreatorImpl - HHH000476: Executing import script 'org.hibernate.tool.schema.internal.exec.ScriptSourceInputNonExistentImpl@4b862408'
2019-01-11 14:53:00.654 [main] INFO  o.s.orm.jpa.LocalContainerEntityManagerFactoryBean - Initialized JPA EntityManagerFactory for persistence unit 'default'
2019-01-11 14:53:01.521 [main] INFO  org.apache.coyote.http11.Http11NioProtocol - Starting ProtocolHandler ["http-nio-8000"]
2019-01-11 14:53:01.532 [main] INFO  org.apache.coyote.http11.Http11NioProtocol - Pausing ProtocolHandler ["http-nio-8000"]
2019-01-11 14:53:01.535 [main] INFO  org.apache.catalina.core.StandardService - Stopping service [Tomcat]
2019-01-11 14:53:01.546 [main] INFO  org.apache.catalina.util.LifecycleBase - The stop() method was called on component [StandardServer[-1]] after stop() had already been called. The second call will be ignored.
2019-01-11 14:53:01.547 [main] INFO  org.apache.coyote.http11.Http11NioProtocol - Stopping ProtocolHandler ["http-nio-8000"]
2019-01-11 14:53:01.547 [main] INFO  org.apache.coyote.http11.Http11NioProtocol - Destroying ProtocolHandler ["http-nio-8000"]
2019-01-11 14:53:01.550 [main] INFO  o.s.b.a.l.ConditionEvaluationReportLoggingListener - 

Error starting ApplicationContext. To display the conditions report re-run your application with 'debug' enabled.
2019-01-11 14:53:01.567 [main] INFO  o.s.orm.jpa.LocalContainerEntityManagerFactoryBean - Closing JPA EntityManagerFactory for persistence unit 'default'
2019-01-11 14:53:01.568 [main] INFO  o.h.t.s.i.SchemaDropperImpl$DelayedDropActionImpl - HHH000477: Starting delayed evictData of schema as part of SessionFactory shut-down'
2019-01-11 14:53:01.575 [main] INFO  com.alibaba.druid.pool.DruidDataSource - {dataSource-1} closed
2019-01-11 14:53:11.096 [Thread-5] INFO  o.s.orm.jpa.LocalContainerEntityManagerFactoryBean - Closing JPA EntityManagerFactory for persistence unit 'default'
2019-01-11 14:53:11.097 [Thread-5] INFO  o.h.t.s.i.SchemaDropperImpl$DelayedDropActionImpl - HHH000477: Starting delayed evictData of schema as part of SessionFactory shut-down'
2019-01-11 14:53:11.108 [Thread-5] INFO  com.alibaba.druid.pool.DruidDataSource - {dataSource-1} closed
2019-01-11 14:53:15.961 [main] INFO  com.temp.springcloud.SpringSecurityTx - Starting SpringSecurityTx on MS-20181009BXWL with PID 14496 (D:\component\component\springCloud\base_boot2\target\classes started by Administrator in D:\component\component\springCloud)
2019-01-11 14:53:15.963 [main] INFO  com.temp.springcloud.SpringSecurityTx - No active profile set, falling back to default profiles: default
2019-01-11 14:53:16.749 [main] INFO  o.s.d.r.config.RepositoryConfigurationDelegate - Multiple Spring Data modules found, entering strict repository configuration mode!
2019-01-11 14:53:16.750 [main] INFO  o.s.d.r.config.RepositoryConfigurationDelegate - Bootstrapping Spring Data repositories in DEFAULT mode.
2019-01-11 14:53:16.781 [main] INFO  o.s.d.r.config.RepositoryConfigurationDelegate - Finished Spring Data repository scanning in 23ms. Found 0 repository interfaces.
2019-01-11 14:53:16.796 [main] INFO  o.s.d.r.config.RepositoryConfigurationDelegate - Multiple Spring Data modules found, entering strict repository configuration mode!
2019-01-11 14:53:16.797 [main] INFO  o.s.d.r.config.RepositoryConfigurationDelegate - Bootstrapping Spring Data repositories in DEFAULT mode.
2019-01-11 14:53:16.818 [main] INFO  o.s.d.r.config.RepositoryConfigurationDelegate - Finished Spring Data repository scanning in 9ms. Found 0 repository interfaces.
2019-01-11 14:53:17.254 [main] INFO  o.s.c.s.PostProcessorRegistrationDelegate$BeanPostProcessorChecker - Bean 'org.springframework.transaction.annotation.ProxyTransactionManagementConfiguration' of type [org.springframework.transaction.annotation.ProxyTransactionManagementConfiguration$$EnhancerBySpringCGLIB$$b99ed987] is not eligible for getting processed by all BeanPostProcessors (for example: not eligible for auto-proxying)
2019-01-11 14:53:17.735 [main] INFO  o.s.boot.web.embedded.tomcat.TomcatWebServer - Tomcat initialized with port(s): 8000 (http)
2019-01-11 14:53:17.749 [main] INFO  org.apache.coyote.http11.Http11NioProtocol - Initializing ProtocolHandler ["http-nio-8000"]
2019-01-11 14:53:17.755 [main] INFO  org.apache.catalina.core.StandardService - Starting service [Tomcat]
2019-01-11 14:53:17.756 [main] INFO  org.apache.catalina.core.StandardEngine - Starting Servlet Engine: Apache Tomcat/9.0.12
2019-01-11 14:53:17.767 [main] INFO  org.apache.catalina.core.AprLifecycleListener - The APR based Apache Tomcat Native library which allows optimal performance in production environments was not found on the java.library.path: [D:\jdk_install\jdk1.8\bin;C:\Windows\Sun\Java\bin;C:\Windows\system32;C:\Windows;C:\app\Administrator\product\11.2.0\dbhome_1\bin;C:\Windows\system32;C:\Windows;C:\Windows\System32\Wbem;C:\Windows\System32\WindowsPowerShell\v1.0\;F:\soft\torsvn\bin;C:\Program Files\Git\cmd;C:\Users\Administrator\AppData\Local\Programs\Python\Python36;C:\Users\Administrator\AppData\Local\Programs\Python\Python36\Scripts;F:\soft\nodejs\;D:\jdk_install\jdk1.8\bin;D:\baidustorage\maven\apache-maven-3.5.3\bin;C:\Users\Administrator\AppData\Roaming\npm;.]
2019-01-11 14:53:17.914 [main] INFO  o.a.c.core.ContainerBase.[Tomcat].[localhost].[/] - Initializing Spring embedded WebApplicationContext
2019-01-11 14:53:17.914 [main] INFO  org.springframework.web.context.ContextLoader - Root WebApplicationContext: initialization completed in 1882 ms
2019-01-11 14:53:17.952 [main] INFO  o.s.boot.web.servlet.ServletRegistrationBean - Servlet dispatcherServlet mapped to [/]
2019-01-11 14:53:17.954 [main] INFO  o.s.boot.web.servlet.ServletRegistrationBean - Servlet statViewServlet mapped to [/druid/*]
2019-01-11 14:53:17.957 [main] INFO  o.s.boot.web.servlet.FilterRegistrationBean - Mapping filter: 'characterEncodingFilter' to: [/*]
2019-01-11 14:53:17.958 [main] INFO  o.s.boot.web.servlet.FilterRegistrationBean - Mapping filter: 'webStatFilter' to urls: [/*]
2019-01-11 14:53:17.999 [main] INFO  c.a.d.s.b.a.DruidDataSourceAutoConfigure - Init DruidDataSource
2019-01-11 14:53:18.119 [main] INFO  com.alibaba.druid.pool.DruidDataSource - {dataSource-1} inited
2019-01-11 14:53:18.298 [main] INFO  org.hibernate.jpa.internal.util.LogHelper - HHH000204: Processing PersistenceUnitInfo [
	name: default
	...]
2019-01-11 14:53:18.367 [main] INFO  org.hibernate.Version - HHH000412: Hibernate Core {5.3.7.Final}
2019-01-11 14:53:18.368 [main] INFO  org.hibernate.cfg.Environment - HHH000206: hibernate.properties not found
2019-01-11 14:53:18.502 [main] INFO  org.hibernate.annotations.common.Version - HCANN000001: Hibernate Commons Annotations {5.0.4.Final}
2019-01-11 14:53:18.648 [main] INFO  org.hibernate.dialect.Dialect - HHH000400: Using dialect: org.hibernate.dialect.H2Dialect
2019-01-11 14:53:18.853 [main] INFO  o.hibernate.tool.schema.internal.SchemaCreatorImpl - HHH000476: Executing import script 'org.hibernate.tool.schema.internal.exec.ScriptSourceInputNonExistentImpl@1d4f5506'
2019-01-11 14:53:18.855 [main] INFO  o.s.orm.jpa.LocalContainerEntityManagerFactoryBean - Initialized JPA EntityManagerFactory for persistence unit 'default'
2019-01-11 14:53:19.819 [main] INFO  org.apache.coyote.http11.Http11NioProtocol - Starting ProtocolHandler ["http-nio-8000"]
2019-01-11 14:53:19.828 [main] INFO  org.apache.tomcat.util.net.NioSelectorPool - Using a shared selector for servlet write/read
2019-01-11 14:53:19.844 [main] INFO  o.s.boot.web.embedded.tomcat.TomcatWebServer - Tomcat started on port(s): 8000 (http) with context path ''
2019-01-11 14:53:19.847 [main] INFO  com.temp.springcloud.SpringSecurityTx - Started SpringSecurityTx in 5.236 seconds (JVM running for 5.851)
2019-01-11 14:53:19.852 [main] INFO  c.t.s.s.controller.SqlFileExecutorControllerForJar - ===========执行脚本文件：001_hqbpmn_20181211_v2.3.2.0_mfl_init.sql =========== 
2019-01-11 14:53:19.863 [main] INFO  c.t.s.s.controller.SqlFileExecutorControllerForJar - ===========执行脚本文件：002_hqbpmn_20181211_v2.3.2.0_lw_init.sql =========== 
2019-01-11 14:53:49.842 [main] INFO  com.temp.springcloud.SpringSecurityTx - Starting SpringSecurityTx vv1.0 on MS-20181009BXWL with PID 14556 (F:\base_boot2-v1.0.jar started by Administrator in F:\)
2019-01-11 14:53:49.844 [main] INFO  com.temp.springcloud.SpringSecurityTx - No active profile set, falling back to default profiles: default
2019-01-11 14:53:50.539 [main] INFO  o.s.d.r.config.RepositoryConfigurationDelegate - Multiple Spring Data modules found, entering strict repository configuration mode!
2019-01-11 14:53:50.541 [main] INFO  o.s.d.r.config.RepositoryConfigurationDelegate - Bootstrapping Spring Data repositories in DEFAULT mode.
2019-01-11 14:53:50.564 [main] INFO  o.s.d.r.config.RepositoryConfigurationDelegate - Finished Spring Data repository scanning in 15ms. Found 0 repository interfaces.
2019-01-11 14:53:50.579 [main] INFO  o.s.d.r.config.RepositoryConfigurationDelegate - Multiple Spring Data modules found, entering strict repository configuration mode!
2019-01-11 14:53:50.581 [main] INFO  o.s.d.r.config.RepositoryConfigurationDelegate - Bootstrapping Spring Data repositories in DEFAULT mode.
2019-01-11 14:53:50.592 [main] INFO  o.s.d.r.config.RepositoryConfigurationDelegate - Finished Spring Data repository scanning in 3ms. Found 0 repository interfaces.
2019-01-11 14:53:51.102 [main] INFO  o.s.c.s.PostProcessorRegistrationDelegate$BeanPostProcessorChecker - Bean 'org.springframework.transaction.annotation.ProxyTransactionManagementConfiguration' of type [org.springframework.transaction.annotation.ProxyTransactionManagementConfiguration$$EnhancerBySpringCGLIB$$f83479e9] is not eligible for getting processed by all BeanPostProcessors (for example: not eligible for auto-proxying)
2019-01-11 14:53:51.625 [main] INFO  o.s.boot.web.embedded.tomcat.TomcatWebServer - Tomcat initialized with port(s): 8000 (http)
2019-01-11 14:53:51.640 [main] INFO  org.apache.coyote.http11.Http11NioProtocol - Initializing ProtocolHandler ["http-nio-8000"]
2019-01-11 14:53:51.647 [main] INFO  org.apache.catalina.core.StandardService - Starting service [Tomcat]
2019-01-11 14:53:51.647 [main] INFO  org.apache.catalina.core.StandardEngine - Starting Servlet Engine: Apache Tomcat/9.0.12
2019-01-11 14:53:51.659 [main] INFO  org.apache.catalina.core.AprLifecycleListener - The APR based Apache Tomcat Native library which allows optimal performance in production environments was not found on the java.library.path: [D:\jdk_install\jdk1.8\bin;C:\Windows\Sun\Java\bin;C:\Windows\system32;C:\Windows;C:\app\Administrator\product\11.2.0\dbhome_1\bin;C:\Windows\system32;C:\Windows;C:\Windows\System32\Wbem;C:\Windows\System32\WindowsPowerShell\v1.0\;F:\soft\torsvn\bin;C:\Program Files\Git\cmd;C:\Users\Administrator\AppData\Local\Programs\Python\Python36;C:\Users\Administrator\AppData\Local\Programs\Python\Python36\Scripts;F:\soft\nodejs\;D:\jdk_install\jdk1.8\bin;D:\baidustorage\maven\apache-maven-3.5.3\bin;C:\Users\Administrator\AppData\Roaming\npm;.]
2019-01-11 14:53:52.048 [main] INFO  org.apache.jasper.servlet.TldScanner - At least one JAR was scanned for TLDs yet contained no TLDs. Enable debug logging for this logger for a complete list of JARs that were scanned but no TLDs were found in them. Skipping unneeded JARs during scanning can improve startup time and JSP compilation time.
2019-01-11 14:53:52.229 [main] INFO  o.a.c.core.ContainerBase.[Tomcat].[localhost].[/] - Initializing Spring embedded WebApplicationContext
2019-01-11 14:53:52.230 [main] INFO  org.springframework.web.context.ContextLoader - Root WebApplicationContext: initialization completed in 2341 ms
2019-01-11 14:53:52.270 [main] INFO  o.s.boot.web.servlet.ServletRegistrationBean - Servlet dispatcherServlet mapped to [/]
2019-01-11 14:53:52.272 [main] INFO  o.s.boot.web.servlet.ServletRegistrationBean - Servlet statViewServlet mapped to [/druid/*]
2019-01-11 14:53:52.277 [main] INFO  o.s.boot.web.servlet.FilterRegistrationBean - Mapping filter: 'characterEncodingFilter' to: [/*]
2019-01-11 14:53:52.278 [main] INFO  o.s.boot.web.servlet.FilterRegistrationBean - Mapping filter: 'webStatFilter' to urls: [/*]
2019-01-11 14:53:52.485 [main] INFO  c.a.d.s.b.a.DruidDataSourceAutoConfigure - Init DruidDataSource
2019-01-11 14:53:52.606 [main] INFO  com.alibaba.druid.pool.DruidDataSource - {dataSource-1} inited
2019-01-11 14:53:52.746 [main] INFO  org.hibernate.jpa.internal.util.LogHelper - HHH000204: Processing PersistenceUnitInfo [
	name: default
	...]
2019-01-11 14:53:52.807 [main] INFO  org.hibernate.Version - HHH000412: Hibernate Core {5.3.7.Final}
2019-01-11 14:53:52.809 [main] INFO  org.hibernate.cfg.Environment - HHH000206: hibernate.properties not found
2019-01-11 14:53:52.940 [main] INFO  org.hibernate.annotations.common.Version - HCANN000001: Hibernate Commons Annotations {5.0.4.Final}
2019-01-11 14:53:53.157 [main] INFO  org.hibernate.dialect.Dialect - HHH000400: Using dialect: org.hibernate.dialect.H2Dialect
2019-01-11 14:53:53.372 [main] INFO  o.hibernate.tool.schema.internal.SchemaCreatorImpl - HHH000476: Executing import script 'org.hibernate.tool.schema.internal.exec.ScriptSourceInputNonExistentImpl@29d80d2b'
2019-01-11 14:53:53.375 [main] INFO  o.s.orm.jpa.LocalContainerEntityManagerFactoryBean - Initialized JPA EntityManagerFactory for persistence unit 'default'
2019-01-11 14:53:54.673 [main] INFO  org.apache.coyote.http11.Http11NioProtocol - Starting ProtocolHandler ["http-nio-8000"]
2019-01-11 14:53:54.681 [main] INFO  org.apache.tomcat.util.net.NioSelectorPool - Using a shared selector for servlet write/read
2019-01-11 14:53:54.712 [main] INFO  o.s.boot.web.embedded.tomcat.TomcatWebServer - Tomcat started on port(s): 8000 (http) with context path ''
2019-01-11 14:53:54.715 [main] INFO  com.temp.springcloud.SpringSecurityTx - Started SpringSecurityTx in 5.812 seconds (JVM running for 6.263)
2019-01-11 14:53:54.722 [main] INFO  c.t.s.s.controller.SqlFileExecutorControllerForJar - ===========执行脚本文件：001_hqbpmn_20181211_v2.3.2.0_mfl_init.sql =========== 
2019-01-11 14:53:54.734 [main] INFO  c.t.s.s.controller.SqlFileExecutorControllerForJar - ===========执行脚本文件：002_hqbpmn_20181211_v2.3.2.0_lw_init.sql =========== 
2019-01-11 14:54:06.040 [Thread-5] INFO  o.s.orm.jpa.LocalContainerEntityManagerFactoryBean - Closing JPA EntityManagerFactory for persistence unit 'default'
2019-01-11 14:54:06.041 [Thread-5] INFO  o.h.t.s.i.SchemaDropperImpl$DelayedDropActionImpl - HHH000477: Starting delayed evictData of schema as part of SessionFactory shut-down'
2019-01-11 14:54:06.050 [Thread-5] INFO  com.alibaba.druid.pool.DruidDataSource - {dataSource-1} closed
2019-01-11 15:14:02.145 [main] INFO  com.temp.springcloud.SpringSecurityTx - Starting SpringSecurityTx on MS-20181009BXWL with PID 19816 (D:\component\component\springCloud\base_boot2\target\classes started by Administrator in D:\component\component\springCloud)
2019-01-11 15:14:02.147 [main] INFO  com.temp.springcloud.SpringSecurityTx - No active profile set, falling back to default profiles: default
2019-01-11 15:14:03.199 [main] INFO  o.s.d.r.config.RepositoryConfigurationDelegate - Multiple Spring Data modules found, entering strict repository configuration mode!
2019-01-11 15:14:03.201 [main] INFO  o.s.d.r.config.RepositoryConfigurationDelegate - Bootstrapping Spring Data repositories in DEFAULT mode.
2019-01-11 15:14:03.231 [main] INFO  o.s.d.r.config.RepositoryConfigurationDelegate - Finished Spring Data repository scanning in 23ms. Found 0 repository interfaces.
2019-01-11 15:14:03.245 [main] INFO  o.s.d.r.config.RepositoryConfigurationDelegate - Multiple Spring Data modules found, entering strict repository configuration mode!
2019-01-11 15:14:03.246 [main] INFO  o.s.d.r.config.RepositoryConfigurationDelegate - Bootstrapping Spring Data repositories in DEFAULT mode.
2019-01-11 15:14:03.261 [main] INFO  o.s.d.r.config.RepositoryConfigurationDelegate - Finished Spring Data repository scanning in 7ms. Found 0 repository interfaces.
2019-01-11 15:14:03.763 [main] INFO  o.s.c.s.PostProcessorRegistrationDelegate$BeanPostProcessorChecker - Bean 'org.springframework.transaction.annotation.ProxyTransactionManagementConfiguration' of type [org.springframework.transaction.annotation.ProxyTransactionManagementConfiguration$$EnhancerBySpringCGLIB$$e24b91ae] is not eligible for getting processed by all BeanPostProcessors (for example: not eligible for auto-proxying)
2019-01-11 15:14:04.280 [main] INFO  o.s.boot.web.embedded.tomcat.TomcatWebServer - Tomcat initialized with port(s): 8000 (http)
2019-01-11 15:14:04.293 [main] INFO  org.apache.coyote.http11.Http11NioProtocol - Initializing ProtocolHandler ["http-nio-8000"]
2019-01-11 15:14:04.300 [main] INFO  org.apache.catalina.core.StandardService - Starting service [Tomcat]
2019-01-11 15:14:04.301 [main] INFO  org.apache.catalina.core.StandardEngine - Starting Servlet Engine: Apache Tomcat/9.0.12
2019-01-11 15:14:04.310 [main] INFO  org.apache.catalina.core.AprLifecycleListener - The APR based Apache Tomcat Native library which allows optimal performance in production environments was not found on the java.library.path: [D:\jdk_install\jdk1.8\bin;C:\Windows\Sun\Java\bin;C:\Windows\system32;C:\Windows;C:\app\Administrator\product\11.2.0\dbhome_1\bin;C:\Windows\system32;C:\Windows;C:\Windows\System32\Wbem;C:\Windows\System32\WindowsPowerShell\v1.0\;F:\soft\torsvn\bin;C:\Program Files\Git\cmd;C:\Users\Administrator\AppData\Local\Programs\Python\Python36;C:\Users\Administrator\AppData\Local\Programs\Python\Python36\Scripts;F:\soft\nodejs\;D:\jdk_install\jdk1.8\bin;D:\baidustorage\maven\apache-maven-3.5.3\bin;C:\Users\Administrator\AppData\Roaming\npm;.]
2019-01-11 15:14:04.470 [main] INFO  o.a.c.core.ContainerBase.[Tomcat].[localhost].[/] - Initializing Spring embedded WebApplicationContext
2019-01-11 15:14:04.470 [main] INFO  org.springframework.web.context.ContextLoader - Root WebApplicationContext: initialization completed in 2273 ms
2019-01-11 15:14:04.510 [main] INFO  o.s.boot.web.servlet.ServletRegistrationBean - Servlet dispatcherServlet mapped to [/]
2019-01-11 15:14:04.512 [main] INFO  o.s.boot.web.servlet.ServletRegistrationBean - Servlet statViewServlet mapped to [/druid/*]
2019-01-11 15:14:04.516 [main] INFO  o.s.boot.web.servlet.FilterRegistrationBean - Mapping filter: 'characterEncodingFilter' to: [/*]
2019-01-11 15:14:04.516 [main] INFO  o.s.boot.web.servlet.FilterRegistrationBean - Mapping filter: 'webStatFilter' to urls: [/*]
2019-01-11 15:14:04.563 [main] INFO  c.a.d.s.b.a.DruidDataSourceAutoConfigure - Init DruidDataSource
2019-01-11 15:14:04.678 [main] INFO  com.alibaba.druid.pool.DruidDataSource - {dataSource-1} inited
2019-01-11 15:14:04.843 [main] INFO  org.hibernate.jpa.internal.util.LogHelper - HHH000204: Processing PersistenceUnitInfo [
	name: default
	...]
2019-01-11 15:14:04.914 [main] INFO  org.hibernate.Version - HHH000412: Hibernate Core {5.3.7.Final}
2019-01-11 15:14:04.916 [main] INFO  org.hibernate.cfg.Environment - HHH000206: hibernate.properties not found
2019-01-11 15:14:05.089 [main] INFO  org.hibernate.annotations.common.Version - HCANN000001: Hibernate Commons Annotations {5.0.4.Final}
2019-01-11 15:14:05.280 [main] INFO  org.hibernate.dialect.Dialect - HHH000400: Using dialect: org.hibernate.dialect.H2Dialect
2019-01-11 15:14:05.570 [main] INFO  o.hibernate.tool.schema.internal.SchemaCreatorImpl - HHH000476: Executing import script 'org.hibernate.tool.schema.internal.exec.ScriptSourceInputNonExistentImpl@17befef0'
2019-01-11 15:14:05.573 [main] INFO  o.s.orm.jpa.LocalContainerEntityManagerFactoryBean - Initialized JPA EntityManagerFactory for persistence unit 'default'
2019-01-11 15:14:06.776 [main] INFO  org.apache.coyote.http11.Http11NioProtocol - Starting ProtocolHandler ["http-nio-8000"]
2019-01-11 15:14:06.786 [main] INFO  org.apache.tomcat.util.net.NioSelectorPool - Using a shared selector for servlet write/read
2019-01-11 15:14:06.805 [main] INFO  o.s.boot.web.embedded.tomcat.TomcatWebServer - Tomcat started on port(s): 8000 (http) with context path ''
2019-01-11 15:14:06.809 [main] INFO  com.temp.springcloud.SpringSecurityTx - Started SpringSecurityTx in 5.797 seconds (JVM running for 6.54)
2019-01-11 15:24:08.301 [main] INFO  c.t.s.s.controller.SqlFileExecutorControllerForJar - ===========执行脚本文件：001_hqbpmn_20181211_v2.3.2.0_mfl_init.sql =========== 
2019-01-11 15:24:09.222 [main] INFO  c.t.s.s.controller.SqlFileExecutorControllerForJar - ===========执行脚本文件：002_hqbpmn_20181211_v2.3.2.0_lw_init.sql =========== 
2019-01-11 15:25:01.153 [main] INFO  com.temp.springcloud.SpringSecurityTx - Starting SpringSecurityTx on MS-20181009BXWL with PID 19984 (D:\component\component\springCloud\base_boot2\target\classes started by Administrator in D:\component\component\springCloud)
2019-01-11 15:25:01.155 [main] INFO  com.temp.springcloud.SpringSecurityTx - No active profile set, falling back to default profiles: default
2019-01-11 15:25:02.086 [main] INFO  o.s.d.r.config.RepositoryConfigurationDelegate - Multiple Spring Data modules found, entering strict repository configuration mode!
2019-01-11 15:25:02.088 [main] INFO  o.s.d.r.config.RepositoryConfigurationDelegate - Bootstrapping Spring Data repositories in DEFAULT mode.
2019-01-11 15:25:02.118 [main] INFO  o.s.d.r.config.RepositoryConfigurationDelegate - Finished Spring Data repository scanning in 22ms. Found 0 repository interfaces.
2019-01-11 15:25:02.131 [main] INFO  o.s.d.r.config.RepositoryConfigurationDelegate - Multiple Spring Data modules found, entering strict repository configuration mode!
2019-01-11 15:25:02.132 [main] INFO  o.s.d.r.config.RepositoryConfigurationDelegate - Bootstrapping Spring Data repositories in DEFAULT mode.
2019-01-11 15:25:02.147 [main] INFO  o.s.d.r.config.RepositoryConfigurationDelegate - Finished Spring Data repository scanning in 8ms. Found 0 repository interfaces.
2019-01-11 15:25:02.637 [main] INFO  o.s.c.s.PostProcessorRegistrationDelegate$BeanPostProcessorChecker - Bean 'org.springframework.transaction.annotation.ProxyTransactionManagementConfiguration' of type [org.springframework.transaction.annotation.ProxyTransactionManagementConfiguration$$EnhancerBySpringCGLIB$$a62ed8ed] is not eligible for getting processed by all BeanPostProcessors (for example: not eligible for auto-proxying)
2019-01-11 15:25:03.184 [main] INFO  o.s.boot.web.embedded.tomcat.TomcatWebServer - Tomcat initialized with port(s): 8000 (http)
2019-01-11 15:25:03.197 [main] INFO  org.apache.coyote.http11.Http11NioProtocol - Initializing ProtocolHandler ["http-nio-8000"]
2019-01-11 15:25:03.204 [main] INFO  org.apache.catalina.core.StandardService - Starting service [Tomcat]
2019-01-11 15:25:03.205 [main] INFO  org.apache.catalina.core.StandardEngine - Starting Servlet Engine: Apache Tomcat/9.0.12
2019-01-11 15:25:03.216 [main] INFO  org.apache.catalina.core.AprLifecycleListener - The APR based Apache Tomcat Native library which allows optimal performance in production environments was not found on the java.library.path: [D:\jdk_install\jdk1.8\bin;C:\Windows\Sun\Java\bin;C:\Windows\system32;C:\Windows;C:\app\Administrator\product\11.2.0\dbhome_1\bin;C:\Windows\system32;C:\Windows;C:\Windows\System32\Wbem;C:\Windows\System32\WindowsPowerShell\v1.0\;F:\soft\torsvn\bin;C:\Program Files\Git\cmd;C:\Users\Administrator\AppData\Local\Programs\Python\Python36;C:\Users\Administrator\AppData\Local\Programs\Python\Python36\Scripts;F:\soft\nodejs\;D:\jdk_install\jdk1.8\bin;D:\baidustorage\maven\apache-maven-3.5.3\bin;C:\Users\Administrator\AppData\Roaming\npm;.]
2019-01-11 15:25:03.367 [main] INFO  o.a.c.core.ContainerBase.[Tomcat].[localhost].[/] - Initializing Spring embedded WebApplicationContext
2019-01-11 15:25:03.368 [main] INFO  org.springframework.web.context.ContextLoader - Root WebApplicationContext: initialization completed in 2146 ms
2019-01-11 15:25:03.422 [main] INFO  o.s.boot.web.servlet.ServletRegistrationBean - Servlet dispatcherServlet mapped to [/]
2019-01-11 15:25:03.423 [main] INFO  o.s.boot.web.servlet.ServletRegistrationBean - Servlet statViewServlet mapped to [/druid/*]
2019-01-11 15:25:03.438 [main] INFO  o.s.boot.web.servlet.FilterRegistrationBean - Mapping filter: 'characterEncodingFilter' to: [/*]
2019-01-11 15:25:03.438 [main] INFO  o.s.boot.web.servlet.FilterRegistrationBean - Mapping filter: 'webStatFilter' to urls: [/*]
2019-01-11 15:25:03.484 [main] INFO  c.a.d.s.b.a.DruidDataSourceAutoConfigure - Init DruidDataSource
2019-01-11 15:25:03.611 [main] INFO  com.alibaba.druid.pool.DruidDataSource - {dataSource-1} inited
2019-01-11 15:25:03.842 [main] INFO  org.hibernate.jpa.internal.util.LogHelper - HHH000204: Processing PersistenceUnitInfo [
	name: default
	...]
2019-01-11 15:25:03.931 [main] INFO  org.hibernate.Version - HHH000412: Hibernate Core {5.3.7.Final}
2019-01-11 15:25:03.935 [main] INFO  org.hibernate.cfg.Environment - HHH000206: hibernate.properties not found
2019-01-11 15:25:04.147 [main] INFO  org.hibernate.annotations.common.Version - HCANN000001: Hibernate Commons Annotations {5.0.4.Final}
2019-01-11 15:25:04.365 [main] INFO  org.hibernate.dialect.Dialect - HHH000400: Using dialect: org.hibernate.dialect.H2Dialect
2019-01-11 15:25:04.629 [main] INFO  o.hibernate.tool.schema.internal.SchemaCreatorImpl - HHH000476: Executing import script 'org.hibernate.tool.schema.internal.exec.ScriptSourceInputNonExistentImpl@5341641d'
2019-01-11 15:25:04.633 [main] INFO  o.s.orm.jpa.LocalContainerEntityManagerFactoryBean - Initialized JPA EntityManagerFactory for persistence unit 'default'
2019-01-11 15:25:05.822 [main] INFO  org.apache.coyote.http11.Http11NioProtocol - Starting ProtocolHandler ["http-nio-8000"]
2019-01-11 15:25:05.832 [main] INFO  org.apache.tomcat.util.net.NioSelectorPool - Using a shared selector for servlet write/read
2019-01-11 15:25:05.851 [main] INFO  o.s.boot.web.embedded.tomcat.TomcatWebServer - Tomcat started on port(s): 8000 (http) with context path ''
2019-01-11 15:25:05.859 [main] INFO  com.temp.springcloud.SpringSecurityTx - Started SpringSecurityTx in 6.502 seconds (JVM running for 7.116)
2019-01-11 15:25:48.763 [main] INFO  c.t.s.s.controller.SqlFileExecutorControllerForJar - ===========执行脚本文件：001_hqbpmn_20181211_v2.3.2.0_mfl_init.sql =========== 
2019-01-11 15:25:48.775 [main] INFO  c.t.s.s.controller.SqlFileExecutorControllerForJar - ===========执行脚本文件：002_hqbpmn_20181211_v2.3.2.0_lw_init.sql =========== 
2019-01-11 15:32:27.590 [http-nio-8000-exec-5] INFO  o.a.c.core.ContainerBase.[Tomcat].[localhost].[/] - Initializing Spring DispatcherServlet 'dispatcherServlet'
2019-01-11 15:32:27.591 [http-nio-8000-exec-5] INFO  org.springframework.web.servlet.DispatcherServlet - Initializing Servlet 'dispatcherServlet'
2019-01-11 15:32:27.599 [http-nio-8000-exec-5] INFO  org.springframework.web.servlet.DispatcherServlet - Completed initialization in 8 ms
